Uncompressing subject component files ...

Computing features ...

Computing FNC ...
Loading subject timecourses of components ...
Despiking and filtering timecourses ...
Loading subject #1 session # 1 ...
Loading subject #2 session # 1 ...
Loading subject #3 session # 1 ...
Loading subject #4 session # 1 ...
Loading subject #5 session # 1 ...
Loading subject #6 session # 1 ...
Loading subject #7 session # 1 ...
Loading subject #8 session # 1 ...
Loading subject #9 session # 1 ...
Loading subject #10 session # 1 ...
Loading subject #11 session # 1 ...
Loading subject #12 session # 1 ...
Loading subject #13 session # 1 ...
Loading subject #14 session # 1 ...
Loading subject #15 session # 1 ...
Loading subject #16 session # 1 ...
Loading subject #17 session # 1 ...
Loading subject #18 session # 1 ...
Loading subject #19 session # 1 ...
Loading subject #20 session # 1 ...
Loading subject #21 session # 1 ...
Loading subject #22 session # 1 ...
Loading subject #23 session # 1 ...
Loading subject #24 session # 1 ...
Loading subject #25 session # 1 ...
Loading subject #26 session # 1 ...
Loading subject #27 session # 1 ...
Loading subject #28 session # 1 ...
Loading subject #29 session # 1 ...
Loading subject #30 session # 1 ...
Loading subject #31 session # 1 ...
Loading subject #32 session # 1 ...
Loading subject #33 session # 1 ...
Loading subject #34 session # 1 ...
Loading subject #35 session # 1 ...
Loading subject #36 session # 1 ...
Loading subject #37 session # 1 ...
Loading subject #38 session # 1 ...
Loading subject #39 session # 1 ...
Loading subject #40 session # 1 ...
Loading subject #41 session # 1 ...
Loading subject #42 session # 1 ...
Loading subject #43 session # 1 ...
Loading subject #44 session # 1 ...
Loading subject #45 session # 1 ...
Loading subject #46 session # 1 ...
Loading subject #47 session # 1 ...
Loading subject #48 session # 1 ...
Loading subject #49 session # 1 ...
Loading subject #50 session # 1 ...
Loading subject #51 session # 1 ...
Loading subject #52 session # 1 ...
Loading subject #53 session # 1 ...
Loading subject #54 session # 1 ...
Loading subject #55 session # 1 ...
Loading subject #56 session # 1 ...
Loading subject #57 session # 1 ...
Loading subject #58 session # 1 ...
Loading subject #59 session # 1 ...
Loading subject #60 session # 1 ...
Loading subject #61 session # 1 ...
Loading subject #62 session # 1 ...
Loading subject #63 session # 1 ...
Loading subject #64 session # 1 ...
Loading subject #65 session # 1 ...
Loading subject #66 session # 1 ...
Loading subject #67 session # 1 ...
Loading subject #68 session # 1 ...
Loading subject #69 session # 1 ...
Loading subject #70 session # 1 ...
Loading subject #71 session # 1 ...
Loading subject #72 session # 1 ...
Loading subject #73 session # 1 ...
Loading subject #74 session # 1 ...
Loading subject #75 session # 1 ...
Loading subject #76 session # 1 ...
Loading subject #77 session # 1 ...
Loading subject #78 session # 1 ...
Loading subject #79 session # 1 ...
Loading subject #80 session # 1 ...
Loading subject #81 session # 1 ...
Loading subject #82 session # 1 ...
Loading subject #83 session # 1 ...
Loading subject #84 session # 1 ...
Loading subject #85 session # 1 ...
Loading subject #86 session # 1 ...
Loading subject #87 session # 1 ...
Loading subject #88 session # 1 ...
Loading subject #89 session # 1 ...
Loading subject #90 session # 1 ...
Loading subject #91 session # 1 ...
Loading subject #92 session # 1 ...
Loading subject #93 session # 1 ...
Loading subject #94 session # 1 ...
Loading subject #95 session # 1 ...
Loading subject #96 session # 1 ...
Loading subject #97 session # 1 ...
Loading subject #98 session # 1 ...
Loading subject #99 session # 1 ...
Loading subject #100 session # 1 ...
Loading subject #101 session # 1 ...
Loading subject #102 session # 1 ...
Loading subject #103 session # 1 ...
Loading subject #104 session # 1 ...
Loading subject #105 session # 1 ...
Loading subject #106 session # 1 ...
Loading subject #107 session # 1 ...
Loading subject #108 session # 1 ...
Loading subject #109 session # 1 ...
Loading subject #110 session # 1 ...
Loading subject #111 session # 1 ...
Loading subject #112 session # 1 ...
Loading subject #113 session # 1 ...
Loading subject #114 session # 1 ...
Loading subject #115 session # 1 ...
Loading subject #116 session # 1 ...
Loading subject #117 session # 1 ...
Loading subject #118 session # 1 ...
Loading subject #119 session # 1 ...
Loading subject #120 session # 1 ...
Loading subject #121 session # 1 ...
Loading subject #122 session # 1 ...
Loading subject #123 session # 1 ...
Loading subject #124 session # 1 ...
Loading subject #125 session # 1 ...
Loading subject #126 session # 1 ...
Loading subject #127 session # 1 ...
Loading subject #128 session # 1 ...
Loading subject #129 session # 1 ...
Loading subject #130 session # 1 ...
Loading subject #131 session # 1 ...
Loading subject #132 session # 1 ...
Loading subject #133 session # 1 ...
Loading subject #134 session # 1 ...
Loading subject #135 session # 1 ...
Loading subject #136 session # 1 ...
Loading subject #137 session # 1 ...
Loading subject #138 session # 1 ...
Loading subject #139 session # 1 ...
Done
Loading subject spatial maps of component 1 ...
icatb_info 29-Apr-2025 23:17:31 icatb_run_mancovan.m: Perfect condition having absolutely no NaN voxels
Centering component spatial maps ...
Using Z threshold of 1 on mean map to compute default mask ...
Saving file sm_stats/gica_cmd_mancovan_results_sm_001.mat ...

Running Mancovan on spatial maps ...
Working on term 1 of 1

Computing SSE ... finished in 0.041788 seconds.

Computing t-statistics ...

	T-Test 1 for Y(:, 1): B(2, 1) == 0 ... p = 0.118537

... finished in 0.952761 seconds.

Saving file /data/analysis/collaboration/atlantaVA/Project01_Hackney_OMT_83/Project01_Hackney_OMT/GROUP_ANALYSIS/group_JA/group_analysis_rm131ses1_00000002+c149026c_copy/mancovan_PAT_CTRL_maFDR/sm_stats/gica_cmd_mancovan_results_sm_001.mat ...


Loading subject spatial maps of component 3 ...
icatb_info 29-Apr-2025 23:17:57 icatb_run_mancovan.m: Perfect condition having absolutely no NaN voxels
Centering component spatial maps ...
Using Z threshold of 1 on mean map to compute default mask ...
Saving file sm_stats/gica_cmd_mancovan_results_sm_003.mat ...

Running Mancovan on spatial maps ...
Working on term 1 of 1

Computing SSE ... finished in 0.033792 seconds.

Computing t-statistics ...

	T-Test 1 for Y(:, 1): B(2, 1) == 0 ... p = 0.961324

... finished in 0.945245 seconds.

Saving file /data/analysis/collaboration/atlantaVA/Project01_Hackney_OMT_83/Project01_Hackney_OMT/GROUP_ANALYSIS/group_JA/group_analysis_rm131ses1_00000002+c149026c_copy/mancovan_PAT_CTRL_maFDR/sm_stats/gica_cmd_mancovan_results_sm_003.mat ...


Loading subject spatial maps of component 4 ...
icatb_info 29-Apr-2025 23:18:22 icatb_run_mancovan.m: Perfect condition having absolutely no NaN voxels
Centering component spatial maps ...
Using Z threshold of 1 on mean map to compute default mask ...
Saving file sm_stats/gica_cmd_mancovan_results_sm_004.mat ...

Running Mancovan on spatial maps ...
Working on term 1 of 1

Computing SSE ... finished in 0.036417 seconds.

Computing t-statistics ...

	T-Test 1 for Y(:, 1): B(2, 1) == 0 ... p = 0.721314

... finished in 0.943293 seconds.

Saving file /data/analysis/collaboration/atlantaVA/Project01_Hackney_OMT_83/Project01_Hackney_OMT/GROUP_ANALYSIS/group_JA/group_analysis_rm131ses1_00000002+c149026c_copy/mancovan_PAT_CTRL_maFDR/sm_stats/gica_cmd_mancovan_results_sm_004.mat ...


Loading subject spatial maps of component 5 ...
icatb_info 29-Apr-2025 23:18:46 icatb_run_mancovan.m: Perfect condition having absolutely no NaN voxels
Centering component spatial maps ...
Using Z threshold of 1 on mean map to compute default mask ...
Saving file sm_stats/gica_cmd_mancovan_results_sm_005.mat ...

Running Mancovan on spatial maps ...
Working on term 1 of 1

Computing SSE ... finished in 0.038155 seconds.

Computing t-statistics ...

	T-Test 1 for Y(:, 1): B(2, 1) == 0 ... p = 0.0179976

... finished in 0.934910 seconds.

Saving file /data/analysis/collaboration/atlantaVA/Project01_Hackney_OMT_83/Project01_Hackney_OMT/GROUP_ANALYSIS/group_JA/group_analysis_rm131ses1_00000002+c149026c_copy/mancovan_PAT_CTRL_maFDR/sm_stats/gica_cmd_mancovan_results_sm_005.mat ...


Loading subject spatial maps of component 6 ...
icatb_info 29-Apr-2025 23:19:10 icatb_run_mancovan.m: Perfect condition having absolutely no NaN voxels
Centering component spatial maps ...
Using Z threshold of 1 on mean map to compute default mask ...
Saving file sm_stats/gica_cmd_mancovan_results_sm_006.mat ...

Running Mancovan on spatial maps ...
Working on term 1 of 1

Computing SSE ... finished in 0.034403 seconds.

Computing t-statistics ...

	T-Test 1 for Y(:, 1): B(2, 1) == 0 ... p = 0.844292

... finished in 0.945434 seconds.

Saving file /data/analysis/collaboration/atlantaVA/Project01_Hackney_OMT_83/Project01_Hackney_OMT/GROUP_ANALYSIS/group_JA/group_analysis_rm131ses1_00000002+c149026c_copy/mancovan_PAT_CTRL_maFDR/sm_stats/gica_cmd_mancovan_results_sm_006.mat ...


Loading subject spatial maps of component 8 ...
icatb_info 29-Apr-2025 23:19:35 icatb_run_mancovan.m: Perfect condition having absolutely no NaN voxels
Centering component spatial maps ...
Using Z threshold of 1 on mean map to compute default mask ...
Saving file sm_stats/gica_cmd_mancovan_results_sm_008.mat ...

Running Mancovan on spatial maps ...
Working on term 1 of 1

Computing SSE ... finished in 0.033064 seconds.

Computing t-statistics ...

	T-Test 1 for Y(:, 1): B(2, 1) == 0 ... p = 0.285523

... finished in 0.929937 seconds.

Saving file /data/analysis/collaboration/atlantaVA/Project01_Hackney_OMT_83/Project01_Hackney_OMT/GROUP_ANALYSIS/group_JA/group_analysis_rm131ses1_00000002+c149026c_copy/mancovan_PAT_CTRL_maFDR/sm_stats/gica_cmd_mancovan_results_sm_008.mat ...


Loading subject spatial maps of component 9 ...
icatb_info 29-Apr-2025 23:20:00 icatb_run_mancovan.m: Perfect condition having absolutely no NaN voxels
Centering component spatial maps ...
Using Z threshold of 1 on mean map to compute default mask ...
Saving file sm_stats/gica_cmd_mancovan_results_sm_009.mat ...

Running Mancovan on spatial maps ...
Working on term 1 of 1

Computing SSE ... finished in 0.037280 seconds.

Computing t-statistics ...

	T-Test 1 for Y(:, 1): B(2, 1) == 0 ... p = 0.582166

... finished in 0.932908 seconds.

Saving file /data/analysis/collaboration/atlantaVA/Project01_Hackney_OMT_83/Project01_Hackney_OMT/GROUP_ANALYSIS/group_JA/group_analysis_rm131ses1_00000002+c149026c_copy/mancovan_PAT_CTRL_maFDR/sm_stats/gica_cmd_mancovan_results_sm_009.mat ...


Loading subject spatial maps of component 10 ...
icatb_info 29-Apr-2025 23:20:24 icatb_run_mancovan.m: Perfect condition having absolutely no NaN voxels
Centering component spatial maps ...
Using Z threshold of 1 on mean map to compute default mask ...
Saving file sm_stats/gica_cmd_mancovan_results_sm_010.mat ...

Running Mancovan on spatial maps ...
Working on term 1 of 1

Computing SSE ... finished in 0.037231 seconds.

Computing t-statistics ...

	T-Test 1 for Y(:, 1): B(2, 1) == 0 ... p = 0.785247

... finished in 0.935575 seconds.

Saving file /data/analysis/collaboration/atlantaVA/Project01_Hackney_OMT_83/Project01_Hackney_OMT/GROUP_ANALYSIS/group_JA/group_analysis_rm131ses1_00000002+c149026c_copy/mancovan_PAT_CTRL_maFDR/sm_stats/gica_cmd_mancovan_results_sm_010.mat ...


Loading subject spatial maps of component 11 ...
icatb_info 29-Apr-2025 23:20:49 icatb_run_mancovan.m: Perfect condition having absolutely no NaN voxels
Centering component spatial maps ...
Using Z threshold of 1 on mean map to compute default mask ...
Saving file sm_stats/gica_cmd_mancovan_results_sm_011.mat ...

Running Mancovan on spatial maps ...
Working on term 1 of 1

Computing SSE ... finished in 0.037997 seconds.

Computing t-statistics ...

	T-Test 1 for Y(:, 1): B(2, 1) == 0 ... p = 0.883508

... finished in 0.934184 seconds.

Saving file /data/analysis/collaboration/atlantaVA/Project01_Hackney_OMT_83/Project01_Hackney_OMT/GROUP_ANALYSIS/group_JA/group_analysis_rm131ses1_00000002+c149026c_copy/mancovan_PAT_CTRL_maFDR/sm_stats/gica_cmd_mancovan_results_sm_011.mat ...


Loading subject spatial maps of component 13 ...
icatb_info 29-Apr-2025 23:21:13 icatb_run_mancovan.m: Perfect condition having absolutely no NaN voxels
Centering component spatial maps ...
Using Z threshold of 1 on mean map to compute default mask ...
Saving file sm_stats/gica_cmd_mancovan_results_sm_013.mat ...

Running Mancovan on spatial maps ...
Working on term 1 of 1

Computing SSE ... finished in 0.039223 seconds.

Computing t-statistics ...

	T-Test 1 for Y(:, 1): B(2, 1) == 0 ... p = 0.918201

... finished in 0.929553 seconds.

Saving file /data/analysis/collaboration/atlantaVA/Project01_Hackney_OMT_83/Project01_Hackney_OMT/GROUP_ANALYSIS/group_JA/group_analysis_rm131ses1_00000002+c149026c_copy/mancovan_PAT_CTRL_maFDR/sm_stats/gica_cmd_mancovan_results_sm_013.mat ...


Loading subject spatial maps of component 14 ...
icatb_info 29-Apr-2025 23:21:37 icatb_run_mancovan.m: Perfect condition having absolutely no NaN voxels
Centering component spatial maps ...
Using Z threshold of 1 on mean map to compute default mask ...
Saving file sm_stats/gica_cmd_mancovan_results_sm_014.mat ...

Running Mancovan on spatial maps ...
Working on term 1 of 1

Computing SSE ... finished in 0.036030 seconds.

Computing t-statistics ...

	T-Test 1 for Y(:, 1): B(2, 1) == 0 ... p = 0.656302

... finished in 0.930362 seconds.

Saving file /data/analysis/collaboration/atlantaVA/Project01_Hackney_OMT_83/Project01_Hackney_OMT/GROUP_ANALYSIS/group_JA/group_analysis_rm131ses1_00000002+c149026c_copy/mancovan_PAT_CTRL_maFDR/sm_stats/gica_cmd_mancovan_results_sm_014.mat ...


Loading subject spatial maps of component 16 ...
icatb_info 29-Apr-2025 23:22:01 icatb_run_mancovan.m: Perfect condition having absolutely no NaN voxels
Centering component spatial maps ...
Using Z threshold of 1 on mean map to compute default mask ...
Saving file sm_stats/gica_cmd_mancovan_results_sm_016.mat ...

Running Mancovan on spatial maps ...
Working on term 1 of 1

Computing SSE ... finished in 0.036877 seconds.

Computing t-statistics ...

	T-Test 1 for Y(:, 1): B(2, 1) == 0 ... p = 0.215497

... finished in 0.925724 seconds.

Saving file /data/analysis/collaboration/atlantaVA/Project01_Hackney_OMT_83/Project01_Hackney_OMT/GROUP_ANALYSIS/group_JA/group_analysis_rm131ses1_00000002+c149026c_copy/mancovan_PAT_CTRL_maFDR/sm_stats/gica_cmd_mancovan_results_sm_016.mat ...


Loading subject spatial maps of component 22 ...
icatb_info 29-Apr-2025 23:22:26 icatb_run_mancovan.m: Perfect condition having absolutely no NaN voxels
Centering component spatial maps ...
Using Z threshold of 1 on mean map to compute default mask ...
Saving file sm_stats/gica_cmd_mancovan_results_sm_022.mat ...

Running Mancovan on spatial maps ...
Working on term 1 of 1

Computing SSE ... finished in 0.036545 seconds.

Computing t-statistics ...

	T-Test 1 for Y(:, 1): B(2, 1) == 0 ... p = 0.118651

... finished in 0.935921 seconds.

Saving file /data/analysis/collaboration/atlantaVA/Project01_Hackney_OMT_83/Project01_Hackney_OMT/GROUP_ANALYSIS/group_JA/group_analysis_rm131ses1_00000002+c149026c_copy/mancovan_PAT_CTRL_maFDR/sm_stats/gica_cmd_mancovan_results_sm_022.mat ...


Loading subject spatial maps of component 26 ...
icatb_info 29-Apr-2025 23:22:51 icatb_run_mancovan.m: Perfect condition having absolutely no NaN voxels
Centering component spatial maps ...
Using Z threshold of 1 on mean map to compute default mask ...
Saving file sm_stats/gica_cmd_mancovan_results_sm_026.mat ...

Running Mancovan on spatial maps ...
Working on term 1 of 1

Computing SSE ... finished in 0.038228 seconds.

Computing t-statistics ...

	T-Test 1 for Y(:, 1): B(2, 1) == 0 ... p = 0.427231

... finished in 0.931717 seconds.

Saving file /data/analysis/collaboration/atlantaVA/Project01_Hackney_OMT_83/Project01_Hackney_OMT/GROUP_ANALYSIS/group_JA/group_analysis_rm131ses1_00000002+c149026c_copy/mancovan_PAT_CTRL_maFDR/sm_stats/gica_cmd_mancovan_results_sm_026.mat ...


Loading subject spatial maps of component 27 ...
icatb_info 29-Apr-2025 23:23:15 icatb_run_mancovan.m: Perfect condition having absolutely no NaN voxels
Centering component spatial maps ...
Using Z threshold of 1 on mean map to compute default mask ...
Saving file sm_stats/gica_cmd_mancovan_results_sm_027.mat ...

Running Mancovan on spatial maps ...
Working on term 1 of 1

Computing SSE ... finished in 0.035613 seconds.

Computing t-statistics ...

	T-Test 1 for Y(:, 1): B(2, 1) == 0 ... p = 0.0993192

... finished in 0.940496 seconds.

Saving file /data/analysis/collaboration/atlantaVA/Project01_Hackney_OMT_83/Project01_Hackney_OMT/GROUP_ANALYSIS/group_JA/group_analysis_rm131ses1_00000002+c149026c_copy/mancovan_PAT_CTRL_maFDR/sm_stats/gica_cmd_mancovan_results_sm_027.mat ...


Loading subject spatial maps of component 28 ...
icatb_info 29-Apr-2025 23:23:39 icatb_run_mancovan.m: Perfect condition having absolutely no NaN voxels
Centering component spatial maps ...
Using Z threshold of 1 on mean map to compute default mask ...
Saving file sm_stats/gica_cmd_mancovan_results_sm_028.mat ...

Running Mancovan on spatial maps ...
Working on term 1 of 1

Computing SSE ... finished in 0.031799 seconds.

Computing t-statistics ...

	T-Test 1 for Y(:, 1): B(2, 1) == 0 ... p = 0.97442

... finished in 0.940984 seconds.

Saving file /data/analysis/collaboration/atlantaVA/Project01_Hackney_OMT_83/Project01_Hackney_OMT/GROUP_ANALYSIS/group_JA/group_analysis_rm131ses1_00000002+c149026c_copy/mancovan_PAT_CTRL_maFDR/sm_stats/gica_cmd_mancovan_results_sm_028.mat ...


Loading subject spatial maps of component 29 ...
icatb_info 29-Apr-2025 23:24:04 icatb_run_mancovan.m: Perfect condition having absolutely no NaN voxels
Centering component spatial maps ...
Using Z threshold of 1 on mean map to compute default mask ...
Saving file sm_stats/gica_cmd_mancovan_results_sm_029.mat ...

Running Mancovan on spatial maps ...
Working on term 1 of 1

Computing SSE ... finished in 0.036054 seconds.

Computing t-statistics ...

	T-Test 1 for Y(:, 1): B(2, 1) == 0 ... p = 0.745372

... finished in 0.944143 seconds.

Saving file /data/analysis/collaboration/atlantaVA/Project01_Hackney_OMT_83/Project01_Hackney_OMT/GROUP_ANALYSIS/group_JA/group_analysis_rm131ses1_00000002+c149026c_copy/mancovan_PAT_CTRL_maFDR/sm_stats/gica_cmd_mancovan_results_sm_029.mat ...


Loading subject spatial maps of component 31 ...
icatb_info 29-Apr-2025 23:24:28 icatb_run_mancovan.m: Perfect condition having absolutely no NaN voxels
Centering component spatial maps ...
Using Z threshold of 1 on mean map to compute default mask ...
Saving file sm_stats/gica_cmd_mancovan_results_sm_031.mat ...

Running Mancovan on spatial maps ...
Working on term 1 of 1

Computing SSE ... finished in 0.038994 seconds.

Computing t-statistics ...

	T-Test 1 for Y(:, 1): B(2, 1) == 0 ... p = 0.270831

... finished in 0.946882 seconds.

Saving file /data/analysis/collaboration/atlantaVA/Project01_Hackney_OMT_83/Project01_Hackney_OMT/GROUP_ANALYSIS/group_JA/group_analysis_rm131ses1_00000002+c149026c_copy/mancovan_PAT_CTRL_maFDR/sm_stats/gica_cmd_mancovan_results_sm_031.mat ...


Loading subject spatial maps of component 34 ...
icatb_info 29-Apr-2025 23:24:53 icatb_run_mancovan.m: Perfect condition having absolutely no NaN voxels
Centering component spatial maps ...
Using Z threshold of 1 on mean map to compute default mask ...
Saving file sm_stats/gica_cmd_mancovan_results_sm_034.mat ...

Running Mancovan on spatial maps ...
Working on term 1 of 1

Computing SSE ... finished in 0.034929 seconds.

Computing t-statistics ...

	T-Test 1 for Y(:, 1): B(2, 1) == 0 ... p = 0.8239

... finished in 0.938828 seconds.

Saving file /data/analysis/collaboration/atlantaVA/Project01_Hackney_OMT_83/Project01_Hackney_OMT/GROUP_ANALYSIS/group_JA/group_analysis_rm131ses1_00000002+c149026c_copy/mancovan_PAT_CTRL_maFDR/sm_stats/gica_cmd_mancovan_results_sm_034.mat ...


Loading subject spatial maps of component 36 ...
icatb_info 29-Apr-2025 23:25:18 icatb_run_mancovan.m: Perfect condition having absolutely no NaN voxels
Centering component spatial maps ...
Using Z threshold of 1 on mean map to compute default mask ...
Saving file sm_stats/gica_cmd_mancovan_results_sm_036.mat ...

Running Mancovan on spatial maps ...
Working on term 1 of 1

Computing SSE ... finished in 0.040742 seconds.

Computing t-statistics ...

	T-Test 1 for Y(:, 1): B(2, 1) == 0 ... p = 0.974594

... finished in 0.945797 seconds.

Saving file /data/analysis/collaboration/atlantaVA/Project01_Hackney_OMT_83/Project01_Hackney_OMT/GROUP_ANALYSIS/group_JA/group_analysis_rm131ses1_00000002+c149026c_copy/mancovan_PAT_CTRL_maFDR/sm_stats/gica_cmd_mancovan_results_sm_036.mat ...


Loading subject spatial maps of component 40 ...
icatb_info 29-Apr-2025 23:25:43 icatb_run_mancovan.m: Perfect condition having absolutely no NaN voxels
Centering component spatial maps ...
Using Z threshold of 1 on mean map to compute default mask ...
Saving file sm_stats/gica_cmd_mancovan_results_sm_040.mat ...

Running Mancovan on spatial maps ...
Working on term 1 of 1

Computing SSE ... finished in 0.032701 seconds.

Computing t-statistics ...

	T-Test 1 for Y(:, 1): B(2, 1) == 0 ... p = 0.420477

... finished in 0.929341 seconds.

Saving file /data/analysis/collaboration/atlantaVA/Project01_Hackney_OMT_83/Project01_Hackney_OMT/GROUP_ANALYSIS/group_JA/group_analysis_rm131ses1_00000002+c149026c_copy/mancovan_PAT_CTRL_maFDR/sm_stats/gica_cmd_mancovan_results_sm_040.mat ...


Loading subject spatial maps of component 43 ...
icatb_info 29-Apr-2025 23:26:08 icatb_run_mancovan.m: Perfect condition having absolutely no NaN voxels
Centering component spatial maps ...
Using Z threshold of 1 on mean map to compute default mask ...
Saving file sm_stats/gica_cmd_mancovan_results_sm_043.mat ...

Running Mancovan on spatial maps ...
Working on term 1 of 1

Computing SSE ... finished in 0.036299 seconds.

Computing t-statistics ...

	T-Test 1 for Y(:, 1): B(2, 1) == 0 ... p = 0.852773

... finished in 0.936745 seconds.

Saving file /data/analysis/collaboration/atlantaVA/Project01_Hackney_OMT_83/Project01_Hackney_OMT/GROUP_ANALYSIS/group_JA/group_analysis_rm131ses1_00000002+c149026c_copy/mancovan_PAT_CTRL_maFDR/sm_stats/gica_cmd_mancovan_results_sm_043.mat ...


Loading subject spatial maps of component 48 ...
icatb_info 29-Apr-2025 23:26:32 icatb_run_mancovan.m: Perfect condition having absolutely no NaN voxels
Centering component spatial maps ...
Using Z threshold of 1 on mean map to compute default mask ...
Saving file sm_stats/gica_cmd_mancovan_results_sm_048.mat ...

Running Mancovan on spatial maps ...
Working on term 1 of 1

Computing SSE ... finished in 0.038805 seconds.

Computing t-statistics ...

	T-Test 1 for Y(:, 1): B(2, 1) == 0 ... p = 0.961824

... finished in 0.942763 seconds.

Saving file /data/analysis/collaboration/atlantaVA/Project01_Hackney_OMT_83/Project01_Hackney_OMT/GROUP_ANALYSIS/group_JA/group_analysis_rm131ses1_00000002+c149026c_copy/mancovan_PAT_CTRL_maFDR/sm_stats/gica_cmd_mancovan_results_sm_048.mat ...


Loading subject spatial maps of component 50 ...
icatb_info 29-Apr-2025 23:26:57 icatb_run_mancovan.m: Perfect condition having absolutely no NaN voxels
Centering component spatial maps ...
Using Z threshold of 1 on mean map to compute default mask ...
Saving file sm_stats/gica_cmd_mancovan_results_sm_050.mat ...

Running Mancovan on spatial maps ...
Working on term 1 of 1

Computing SSE ... finished in 0.041502 seconds.

Computing t-statistics ...

	T-Test 1 for Y(:, 1): B(2, 1) == 0 ... p = 0.86868

... finished in 0.959523 seconds.

Saving file /data/analysis/collaboration/atlantaVA/Project01_Hackney_OMT_83/Project01_Hackney_OMT/GROUP_ANALYSIS/group_JA/group_analysis_rm131ses1_00000002+c149026c_copy/mancovan_PAT_CTRL_maFDR/sm_stats/gica_cmd_mancovan_results_sm_050.mat ...


Loading subject spatial maps of component 51 ...
icatb_info 29-Apr-2025 23:27:23 icatb_run_mancovan.m: Perfect condition having absolutely no NaN voxels
Centering component spatial maps ...
Using Z threshold of 1 on mean map to compute default mask ...
Saving file sm_stats/gica_cmd_mancovan_results_sm_051.mat ...

Running Mancovan on spatial maps ...
Working on term 1 of 1

Computing SSE ... finished in 0.039798 seconds.

Computing t-statistics ...

	T-Test 1 for Y(:, 1): B(2, 1) == 0 ... p = 0.763867

... finished in 0.937393 seconds.

Saving file /data/analysis/collaboration/atlantaVA/Project01_Hackney_OMT_83/Project01_Hackney_OMT/GROUP_ANALYSIS/group_JA/group_analysis_rm131ses1_00000002+c149026c_copy/mancovan_PAT_CTRL_maFDR/sm_stats/gica_cmd_mancovan_results_sm_051.mat ...


Loading subject spatial maps of component 52 ...
icatb_info 29-Apr-2025 23:27:48 icatb_run_mancovan.m: Perfect condition having absolutely no NaN voxels
Centering component spatial maps ...
Using Z threshold of 1 on mean map to compute default mask ...
Saving file sm_stats/gica_cmd_mancovan_results_sm_052.mat ...

Running Mancovan on spatial maps ...
Working on term 1 of 1

Computing SSE ... finished in 0.036180 seconds.

Computing t-statistics ...

	T-Test 1 for Y(:, 1): B(2, 1) == 0 ... p = 0.696871

... finished in 0.949325 seconds.

Saving file /data/analysis/collaboration/atlantaVA/Project01_Hackney_OMT_83/Project01_Hackney_OMT/GROUP_ANALYSIS/group_JA/group_analysis_rm131ses1_00000002+c149026c_copy/mancovan_PAT_CTRL_maFDR/sm_stats/gica_cmd_mancovan_results_sm_052.mat ...


Loading subject spatial maps of component 53 ...
icatb_info 29-Apr-2025 23:28:12 icatb_run_mancovan.m: Perfect condition having absolutely no NaN voxels
Centering component spatial maps ...
Using Z threshold of 1 on mean map to compute default mask ...
Saving file sm_stats/gica_cmd_mancovan_results_sm_053.mat ...

Running Mancovan on spatial maps ...
Working on term 1 of 1

Computing SSE ... finished in 0.039559 seconds.

Computing t-statistics ...

	T-Test 1 for Y(:, 1): B(2, 1) == 0 ... p = 0.764283

... finished in 0.949254 seconds.

Saving file /data/analysis/collaboration/atlantaVA/Project01_Hackney_OMT_83/Project01_Hackney_OMT/GROUP_ANALYSIS/group_JA/group_analysis_rm131ses1_00000002+c149026c_copy/mancovan_PAT_CTRL_maFDR/sm_stats/gica_cmd_mancovan_results_sm_053.mat ...


Loading subject timecourses of component 1 ...
Doing multi-taper spectral estimation ...
Using fractional amplitude ...
Applying log transform to spectra ...
Saving file spectra_stats/gica_cmd_mancovan_results_spectra_001.mat ...

Running Mancovan on timecourses spectra ...
Working on term 1 of 1

Computing SSE ... finished in 0.000314 seconds.

Computing t-statistics ...

	T-Test 1 for Y(:, 1): B(2, 1) == 0 ... p = 0.786415

... finished in 0.002062 seconds.

Saving file /data/analysis/collaboration/atlantaVA/Project01_Hackney_OMT_83/Project01_Hackney_OMT/GROUP_ANALYSIS/group_JA/group_analysis_rm131ses1_00000002+c149026c_copy/mancovan_PAT_CTRL_maFDR/spectra_stats/gica_cmd_mancovan_results_spectra_001.mat ...


Loading subject timecourses of component 3 ...
Doing multi-taper spectral estimation ...
Using fractional amplitude ...
Applying log transform to spectra ...
Saving file spectra_stats/gica_cmd_mancovan_results_spectra_003.mat ...

Running Mancovan on timecourses spectra ...
Working on term 1 of 1

Computing SSE ... finished in 0.000229 seconds.

Computing t-statistics ...

	T-Test 1 for Y(:, 1): B(2, 1) == 0 ... p = 0.130599

... finished in 0.001738 seconds.

Saving file /data/analysis/collaboration/atlantaVA/Project01_Hackney_OMT_83/Project01_Hackney_OMT/GROUP_ANALYSIS/group_JA/group_analysis_rm131ses1_00000002+c149026c_copy/mancovan_PAT_CTRL_maFDR/spectra_stats/gica_cmd_mancovan_results_spectra_003.mat ...


Loading subject timecourses of component 4 ...
Doing multi-taper spectral estimation ...
Using fractional amplitude ...
Applying log transform to spectra ...
Saving file spectra_stats/gica_cmd_mancovan_results_spectra_004.mat ...

Running Mancovan on timecourses spectra ...
Working on term 1 of 1

Computing SSE ... finished in 0.000252 seconds.

Computing t-statistics ...

	T-Test 1 for Y(:, 1): B(2, 1) == 0 ... p = 0.199291

... finished in 0.001851 seconds.

Saving file /data/analysis/collaboration/atlantaVA/Project01_Hackney_OMT_83/Project01_Hackney_OMT/GROUP_ANALYSIS/group_JA/group_analysis_rm131ses1_00000002+c149026c_copy/mancovan_PAT_CTRL_maFDR/spectra_stats/gica_cmd_mancovan_results_spectra_004.mat ...


Loading subject timecourses of component 5 ...
Doing multi-taper spectral estimation ...
Using fractional amplitude ...
Applying log transform to spectra ...
Saving file spectra_stats/gica_cmd_mancovan_results_spectra_005.mat ...

Running Mancovan on timecourses spectra ...
Working on term 1 of 1

Computing SSE ... finished in 0.000266 seconds.

Computing t-statistics ...

	T-Test 1 for Y(:, 1): B(2, 1) == 0 ... p = 0.0842631

... finished in 0.001971 seconds.

Saving file /data/analysis/collaboration/atlantaVA/Project01_Hackney_OMT_83/Project01_Hackney_OMT/GROUP_ANALYSIS/group_JA/group_analysis_rm131ses1_00000002+c149026c_copy/mancovan_PAT_CTRL_maFDR/spectra_stats/gica_cmd_mancovan_results_spectra_005.mat ...


Loading subject timecourses of component 6 ...
Doing multi-taper spectral estimation ...
Using fractional amplitude ...
Applying log transform to spectra ...
Saving file spectra_stats/gica_cmd_mancovan_results_spectra_006.mat ...

Running Mancovan on timecourses spectra ...
Working on term 1 of 1

Computing SSE ... finished in 0.001545 seconds.

Computing t-statistics ...

	T-Test 1 for Y(:, 1): B(2, 1) == 0 ... p = 0.492916

... finished in 0.001838 seconds.

Saving file /data/analysis/collaboration/atlantaVA/Project01_Hackney_OMT_83/Project01_Hackney_OMT/GROUP_ANALYSIS/group_JA/group_analysis_rm131ses1_00000002+c149026c_copy/mancovan_PAT_CTRL_maFDR/spectra_stats/gica_cmd_mancovan_results_spectra_006.mat ...


Loading subject timecourses of component 8 ...
Doing multi-taper spectral estimation ...
Using fractional amplitude ...
Applying log transform to spectra ...
Saving file spectra_stats/gica_cmd_mancovan_results_spectra_008.mat ...

Running Mancovan on timecourses spectra ...
Working on term 1 of 1

Computing SSE ... finished in 0.000228 seconds.

Computing t-statistics ...

	T-Test 1 for Y(:, 1): B(2, 1) == 0 ... p = 0.064165

... finished in 0.001893 seconds.

Saving file /data/analysis/collaboration/atlantaVA/Project01_Hackney_OMT_83/Project01_Hackney_OMT/GROUP_ANALYSIS/group_JA/group_analysis_rm131ses1_00000002+c149026c_copy/mancovan_PAT_CTRL_maFDR/spectra_stats/gica_cmd_mancovan_results_spectra_008.mat ...


Loading subject timecourses of component 9 ...
Doing multi-taper spectral estimation ...
Using fractional amplitude ...
Applying log transform to spectra ...
Saving file spectra_stats/gica_cmd_mancovan_results_spectra_009.mat ...

Running Mancovan on timecourses spectra ...
Working on term 1 of 1

Computing SSE ... finished in 0.000230 seconds.

Computing t-statistics ...

	T-Test 1 for Y(:, 1): B(2, 1) == 0 ... p = 0.191788

... finished in 0.001918 seconds.

Saving file /data/analysis/collaboration/atlantaVA/Project01_Hackney_OMT_83/Project01_Hackney_OMT/GROUP_ANALYSIS/group_JA/group_analysis_rm131ses1_00000002+c149026c_copy/mancovan_PAT_CTRL_maFDR/spectra_stats/gica_cmd_mancovan_results_spectra_009.mat ...


Loading subject timecourses of component 10 ...
Doing multi-taper spectral estimation ...
Using fractional amplitude ...
Applying log transform to spectra ...
Saving file spectra_stats/gica_cmd_mancovan_results_spectra_010.mat ...

Running Mancovan on timecourses spectra ...
Working on term 1 of 1

Computing SSE ... finished in 0.000230 seconds.

Computing t-statistics ...

	T-Test 1 for Y(:, 1): B(2, 1) == 0 ... p = 0.123332

... finished in 0.001851 seconds.

Saving file /data/analysis/collaboration/atlantaVA/Project01_Hackney_OMT_83/Project01_Hackney_OMT/GROUP_ANALYSIS/group_JA/group_analysis_rm131ses1_00000002+c149026c_copy/mancovan_PAT_CTRL_maFDR/spectra_stats/gica_cmd_mancovan_results_spectra_010.mat ...


Loading subject timecourses of component 11 ...
Doing multi-taper spectral estimation ...
Using fractional amplitude ...
Applying log transform to spectra ...
Saving file spectra_stats/gica_cmd_mancovan_results_spectra_011.mat ...

Running Mancovan on timecourses spectra ...
Working on term 1 of 1

Computing SSE ... finished in 0.000210 seconds.

Computing t-statistics ...

	T-Test 1 for Y(:, 1): B(2, 1) == 0 ... p = 0.0787092

... finished in 0.001912 seconds.

Saving file /data/analysis/collaboration/atlantaVA/Project01_Hackney_OMT_83/Project01_Hackney_OMT/GROUP_ANALYSIS/group_JA/group_analysis_rm131ses1_00000002+c149026c_copy/mancovan_PAT_CTRL_maFDR/spectra_stats/gica_cmd_mancovan_results_spectra_011.mat ...


Loading subject timecourses of component 13 ...
Doing multi-taper spectral estimation ...
Using fractional amplitude ...
Applying log transform to spectra ...
Saving file spectra_stats/gica_cmd_mancovan_results_spectra_013.mat ...

Running Mancovan on timecourses spectra ...
Working on term 1 of 1

Computing SSE ... finished in 0.000308 seconds.

Computing t-statistics ...

	T-Test 1 for Y(:, 1): B(2, 1) == 0 ... p = 0.107412

... finished in 0.002748 seconds.

Saving file /data/analysis/collaboration/atlantaVA/Project01_Hackney_OMT_83/Project01_Hackney_OMT/GROUP_ANALYSIS/group_JA/group_analysis_rm131ses1_00000002+c149026c_copy/mancovan_PAT_CTRL_maFDR/spectra_stats/gica_cmd_mancovan_results_spectra_013.mat ...


Loading subject timecourses of component 14 ...
Doing multi-taper spectral estimation ...
Using fractional amplitude ...
Applying log transform to spectra ...
Saving file spectra_stats/gica_cmd_mancovan_results_spectra_014.mat ...

Running Mancovan on timecourses spectra ...
Working on term 1 of 1

Computing SSE ... finished in 0.000250 seconds.

Computing t-statistics ...

	T-Test 1 for Y(:, 1): B(2, 1) == 0 ... p = 0.00470948

... finished in 0.001839 seconds.

Saving file /data/analysis/collaboration/atlantaVA/Project01_Hackney_OMT_83/Project01_Hackney_OMT/GROUP_ANALYSIS/group_JA/group_analysis_rm131ses1_00000002+c149026c_copy/mancovan_PAT_CTRL_maFDR/spectra_stats/gica_cmd_mancovan_results_spectra_014.mat ...


Loading subject timecourses of component 16 ...
Doing multi-taper spectral estimation ...
Using fractional amplitude ...
Applying log transform to spectra ...
Saving file spectra_stats/gica_cmd_mancovan_results_spectra_016.mat ...

Running Mancovan on timecourses spectra ...
Working on term 1 of 1

Computing SSE ... finished in 0.000189 seconds.

Computing t-statistics ...

	T-Test 1 for Y(:, 1): B(2, 1) == 0 ... p = 0.310283

... finished in 0.001841 seconds.

Saving file /data/analysis/collaboration/atlantaVA/Project01_Hackney_OMT_83/Project01_Hackney_OMT/GROUP_ANALYSIS/group_JA/group_analysis_rm131ses1_00000002+c149026c_copy/mancovan_PAT_CTRL_maFDR/spectra_stats/gica_cmd_mancovan_results_spectra_016.mat ...


Loading subject timecourses of component 22 ...
Doing multi-taper spectral estimation ...
Using fractional amplitude ...
Applying log transform to spectra ...
Saving file spectra_stats/gica_cmd_mancovan_results_spectra_022.mat ...

Running Mancovan on timecourses spectra ...
Working on term 1 of 1

Computing SSE ... finished in 0.000204 seconds.

Computing t-statistics ...

	T-Test 1 for Y(:, 1): B(2, 1) == 0 ... p = 0.0889216

... finished in 0.001860 seconds.

Saving file /data/analysis/collaboration/atlantaVA/Project01_Hackney_OMT_83/Project01_Hackney_OMT/GROUP_ANALYSIS/group_JA/group_analysis_rm131ses1_00000002+c149026c_copy/mancovan_PAT_CTRL_maFDR/spectra_stats/gica_cmd_mancovan_results_spectra_022.mat ...


Loading subject timecourses of component 26 ...
Doing multi-taper spectral estimation ...
Using fractional amplitude ...
Applying log transform to spectra ...
Saving file spectra_stats/gica_cmd_mancovan_results_spectra_026.mat ...

Running Mancovan on timecourses spectra ...
Working on term 1 of 1

Computing SSE ... finished in 0.000254 seconds.

Computing t-statistics ...

	T-Test 1 for Y(:, 1): B(2, 1) == 0 ... p = 0.00884613

... finished in 0.002017 seconds.

Saving file /data/analysis/collaboration/atlantaVA/Project01_Hackney_OMT_83/Project01_Hackney_OMT/GROUP_ANALYSIS/group_JA/group_analysis_rm131ses1_00000002+c149026c_copy/mancovan_PAT_CTRL_maFDR/spectra_stats/gica_cmd_mancovan_results_spectra_026.mat ...


Loading subject timecourses of component 27 ...
Doing multi-taper spectral estimation ...
Using fractional amplitude ...
Applying log transform to spectra ...
Saving file spectra_stats/gica_cmd_mancovan_results_spectra_027.mat ...

Running Mancovan on timecourses spectra ...
Working on term 1 of 1

Computing SSE ... finished in 0.000284 seconds.

Computing t-statistics ...

	T-Test 1 for Y(:, 1): B(2, 1) == 0 ... p = 0.113025

... finished in 0.003153 seconds.

Saving file /data/analysis/collaboration/atlantaVA/Project01_Hackney_OMT_83/Project01_Hackney_OMT/GROUP_ANALYSIS/group_JA/group_analysis_rm131ses1_00000002+c149026c_copy/mancovan_PAT_CTRL_maFDR/spectra_stats/gica_cmd_mancovan_results_spectra_027.mat ...


Loading subject timecourses of component 28 ...
Doing multi-taper spectral estimation ...
Using fractional amplitude ...
Applying log transform to spectra ...
Saving file spectra_stats/gica_cmd_mancovan_results_spectra_028.mat ...

Running Mancovan on timecourses spectra ...
Working on term 1 of 1

Computing SSE ... finished in 0.001228 seconds.

Computing t-statistics ...

	T-Test 1 for Y(:, 1): B(2, 1) == 0 ... p = 0.00809374

... finished in 0.001839 seconds.

Saving file /data/analysis/collaboration/atlantaVA/Project01_Hackney_OMT_83/Project01_Hackney_OMT/GROUP_ANALYSIS/group_JA/group_analysis_rm131ses1_00000002+c149026c_copy/mancovan_PAT_CTRL_maFDR/spectra_stats/gica_cmd_mancovan_results_spectra_028.mat ...


Loading subject timecourses of component 29 ...
Doing multi-taper spectral estimation ...
Using fractional amplitude ...
Applying log transform to spectra ...
Saving file spectra_stats/gica_cmd_mancovan_results_spectra_029.mat ...

Running Mancovan on timecourses spectra ...
Working on term 1 of 1

Computing SSE ... finished in 0.000247 seconds.

Computing t-statistics ...

	T-Test 1 for Y(:, 1): B(2, 1) == 0 ... p = 0.231091

... finished in 0.001820 seconds.

Saving file /data/analysis/collaboration/atlantaVA/Project01_Hackney_OMT_83/Project01_Hackney_OMT/GROUP_ANALYSIS/group_JA/group_analysis_rm131ses1_00000002+c149026c_copy/mancovan_PAT_CTRL_maFDR/spectra_stats/gica_cmd_mancovan_results_spectra_029.mat ...


Loading subject timecourses of component 31 ...
Doing multi-taper spectral estimation ...
Using fractional amplitude ...
Applying log transform to spectra ...
Saving file spectra_stats/gica_cmd_mancovan_results_spectra_031.mat ...

Running Mancovan on timecourses spectra ...
Working on term 1 of 1

Computing SSE ... finished in 0.000233 seconds.

Computing t-statistics ...

	T-Test 1 for Y(:, 1): B(2, 1) == 0 ... p = 0.0058958

... finished in 0.001904 seconds.

Saving file /data/analysis/collaboration/atlantaVA/Project01_Hackney_OMT_83/Project01_Hackney_OMT/GROUP_ANALYSIS/group_JA/group_analysis_rm131ses1_00000002+c149026c_copy/mancovan_PAT_CTRL_maFDR/spectra_stats/gica_cmd_mancovan_results_spectra_031.mat ...


Loading subject timecourses of component 34 ...
Doing multi-taper spectral estimation ...
Using fractional amplitude ...
Applying log transform to spectra ...
Saving file spectra_stats/gica_cmd_mancovan_results_spectra_034.mat ...

Running Mancovan on timecourses spectra ...
Working on term 1 of 1

Computing SSE ... finished in 0.000254 seconds.

Computing t-statistics ...

	T-Test 1 for Y(:, 1): B(2, 1) == 0 ... p = 0.0181394

... finished in 0.001907 seconds.

Saving file /data/analysis/collaboration/atlantaVA/Project01_Hackney_OMT_83/Project01_Hackney_OMT/GROUP_ANALYSIS/group_JA/group_analysis_rm131ses1_00000002+c149026c_copy/mancovan_PAT_CTRL_maFDR/spectra_stats/gica_cmd_mancovan_results_spectra_034.mat ...


Loading subject timecourses of component 36 ...
Doing multi-taper spectral estimation ...
Using fractional amplitude ...
Applying log transform to spectra ...
Saving file spectra_stats/gica_cmd_mancovan_results_spectra_036.mat ...

Running Mancovan on timecourses spectra ...
Working on term 1 of 1

Computing SSE ... finished in 0.000213 seconds.

Computing t-statistics ...

	T-Test 1 for Y(:, 1): B(2, 1) == 0 ... p = 0.0931353

... finished in 0.001779 seconds.

Saving file /data/analysis/collaboration/atlantaVA/Project01_Hackney_OMT_83/Project01_Hackney_OMT/GROUP_ANALYSIS/group_JA/group_analysis_rm131ses1_00000002+c149026c_copy/mancovan_PAT_CTRL_maFDR/spectra_stats/gica_cmd_mancovan_results_spectra_036.mat ...


Loading subject timecourses of component 40 ...
Doing multi-taper spectral estimation ...
Using fractional amplitude ...
Applying log transform to spectra ...
Saving file spectra_stats/gica_cmd_mancovan_results_spectra_040.mat ...

Running Mancovan on timecourses spectra ...
Working on term 1 of 1

Computing SSE ... finished in 0.000207 seconds.

Computing t-statistics ...

	T-Test 1 for Y(:, 1): B(2, 1) == 0 ... p = 0.0422705

... finished in 0.002881 seconds.

Saving file /data/analysis/collaboration/atlantaVA/Project01_Hackney_OMT_83/Project01_Hackney_OMT/GROUP_ANALYSIS/group_JA/group_analysis_rm131ses1_00000002+c149026c_copy/mancovan_PAT_CTRL_maFDR/spectra_stats/gica_cmd_mancovan_results_spectra_040.mat ...


Loading subject timecourses of component 43 ...
Doing multi-taper spectral estimation ...
Using fractional amplitude ...
Applying log transform to spectra ...
Saving file spectra_stats/gica_cmd_mancovan_results_spectra_043.mat ...

Running Mancovan on timecourses spectra ...
Working on term 1 of 1

Computing SSE ... finished in 0.000252 seconds.

Computing t-statistics ...

	T-Test 1 for Y(:, 1): B(2, 1) == 0 ... p = 0.60517

... finished in 0.001944 seconds.

Saving file /data/analysis/collaboration/atlantaVA/Project01_Hackney_OMT_83/Project01_Hackney_OMT/GROUP_ANALYSIS/group_JA/group_analysis_rm131ses1_00000002+c149026c_copy/mancovan_PAT_CTRL_maFDR/spectra_stats/gica_cmd_mancovan_results_spectra_043.mat ...


Loading subject timecourses of component 48 ...
Doing multi-taper spectral estimation ...
Using fractional amplitude ...
Applying log transform to spectra ...
Saving file spectra_stats/gica_cmd_mancovan_results_spectra_048.mat ...

Running Mancovan on timecourses spectra ...
Working on term 1 of 1

Computing SSE ... finished in 0.000201 seconds.

Computing t-statistics ...

	T-Test 1 for Y(:, 1): B(2, 1) == 0 ... p = 0.089221

... finished in 0.001862 seconds.

Saving file /data/analysis/collaboration/atlantaVA/Project01_Hackney_OMT_83/Project01_Hackney_OMT/GROUP_ANALYSIS/group_JA/group_analysis_rm131ses1_00000002+c149026c_copy/mancovan_PAT_CTRL_maFDR/spectra_stats/gica_cmd_mancovan_results_spectra_048.mat ...


Loading subject timecourses of component 50 ...
Doing multi-taper spectral estimation ...
Using fractional amplitude ...
Applying log transform to spectra ...
Saving file spectra_stats/gica_cmd_mancovan_results_spectra_050.mat ...

Running Mancovan on timecourses spectra ...
Working on term 1 of 1

Computing SSE ... finished in 0.000197 seconds.

Computing t-statistics ...

	T-Test 1 for Y(:, 1): B(2, 1) == 0 ... p = 0.717228

... finished in 0.001972 seconds.

Saving file /data/analysis/collaboration/atlantaVA/Project01_Hackney_OMT_83/Project01_Hackney_OMT/GROUP_ANALYSIS/group_JA/group_analysis_rm131ses1_00000002+c149026c_copy/mancovan_PAT_CTRL_maFDR/spectra_stats/gica_cmd_mancovan_results_spectra_050.mat ...


Loading subject timecourses of component 51 ...
Doing multi-taper spectral estimation ...
Using fractional amplitude ...
Applying log transform to spectra ...
Saving file spectra_stats/gica_cmd_mancovan_results_spectra_051.mat ...

Running Mancovan on timecourses spectra ...
Working on term 1 of 1

Computing SSE ... finished in 0.000178 seconds.

Computing t-statistics ...

	T-Test 1 for Y(:, 1): B(2, 1) == 0 ... p = 0.0755823

... finished in 0.001756 seconds.

Saving file /data/analysis/collaboration/atlantaVA/Project01_Hackney_OMT_83/Project01_Hackney_OMT/GROUP_ANALYSIS/group_JA/group_analysis_rm131ses1_00000002+c149026c_copy/mancovan_PAT_CTRL_maFDR/spectra_stats/gica_cmd_mancovan_results_spectra_051.mat ...


Loading subject timecourses of component 52 ...
Doing multi-taper spectral estimation ...
Using fractional amplitude ...
Applying log transform to spectra ...
Saving file spectra_stats/gica_cmd_mancovan_results_spectra_052.mat ...

Running Mancovan on timecourses spectra ...
Working on term 1 of 1

Computing SSE ... finished in 0.000258 seconds.

Computing t-statistics ...

	T-Test 1 for Y(:, 1): B(2, 1) == 0 ... p = 0.890428

... finished in 0.002220 seconds.

Saving file /data/analysis/collaboration/atlantaVA/Project01_Hackney_OMT_83/Project01_Hackney_OMT/GROUP_ANALYSIS/group_JA/group_analysis_rm131ses1_00000002+c149026c_copy/mancovan_PAT_CTRL_maFDR/spectra_stats/gica_cmd_mancovan_results_spectra_052.mat ...


Loading subject timecourses of component 53 ...
Doing multi-taper spectral estimation ...
Using fractional amplitude ...
Applying log transform to spectra ...
Saving file spectra_stats/gica_cmd_mancovan_results_spectra_053.mat ...

Running Mancovan on timecourses spectra ...
Working on term 1 of 1

Computing SSE ... finished in 0.000224 seconds.

Computing t-statistics ...

	T-Test 1 for Y(:, 1): B(2, 1) == 0 ... p = 0.732674

... finished in 0.001805 seconds.

Saving file /data/analysis/collaboration/atlantaVA/Project01_Hackney_OMT_83/Project01_Hackney_OMT/GROUP_ANALYSIS/group_JA/group_analysis_rm131ses1_00000002+c149026c_copy/mancovan_PAT_CTRL_maFDR/spectra_stats/gica_cmd_mancovan_results_spectra_053.mat ...


Saving file fnc_stats/gica_cmd_mancovan_results_fnc.mat ...

Running Mancovan on fnc correlations ...
Working on term 1 of 1

Computing SSE ... finished in 0.001001 seconds.

Computing t-statistics ...

	T-Test 1 for Y(:, 1): B(2, 1) == 0 ... p = 0.834504

... finished in 0.011152 seconds.

Saving file /data/analysis/collaboration/atlantaVA/Project01_Hackney_OMT_83/Project01_Hackney_OMT/GROUP_ANALYSIS/group_JA/group_analysis_rm131ses1_00000002+c149026c_copy/mancovan_PAT_CTRL_maFDR/fnc_stats/gica_cmd_mancovan_results_fnc.mat ...


Analysis Complete
Total time taken to complete the analysis is 12.8468 minutes
Uncompressing subject component files ...

Computing features ...

Computing FNC ...
Loading subject timecourses of components ...
Despiking and filtering timecourses ...
Loading subject #1 session # 1 ...
Loading subject #2 session # 1 ...
Loading subject #3 session # 1 ...
Loading subject #4 session # 1 ...
Loading subject #5 session # 1 ...
Loading subject #6 session # 1 ...
Loading subject #7 session # 1 ...
Loading subject #8 session # 1 ...
Loading subject #9 session # 1 ...
Loading subject #10 session # 1 ...
Loading subject #11 session # 1 ...
Loading subject #12 session # 1 ...
Loading subject #13 session # 1 ...
Loading subject #14 session # 1 ...
Loading subject #15 session # 1 ...
Loading subject #16 session # 1 ...
Loading subject #17 session # 1 ...
Loading subject #18 session # 1 ...
Loading subject #19 session # 1 ...
Loading subject #20 session # 1 ...
Loading subject #21 session # 1 ...
Loading subject #22 session # 1 ...
Loading subject #23 session # 1 ...
Loading subject #24 session # 1 ...
Loading subject #25 session # 1 ...
Loading subject #26 session # 1 ...
Loading subject #27 session # 1 ...
Loading subject #28 session # 1 ...
Loading subject #29 session # 1 ...
Loading subject #30 session # 1 ...
Loading subject #31 session # 1 ...
Loading subject #32 session # 1 ...
Loading subject #33 session # 1 ...
Loading subject #34 session # 1 ...
Loading subject #35 session # 1 ...
Loading subject #36 session # 1 ...
Loading subject #37 session # 1 ...
Loading subject #38 session # 1 ...
Loading subject #39 session # 1 ...
Loading subject #40 session # 1 ...
Loading subject #41 session # 1 ...
Loading subject #42 session # 1 ...
Loading subject #43 session # 1 ...
Loading subject #44 session # 1 ...
Loading subject #45 session # 1 ...
Loading subject #46 session # 1 ...
Loading subject #47 session # 1 ...
Loading subject #48 session # 1 ...
Loading subject #49 session # 1 ...
Loading subject #50 session # 1 ...
Loading subject #51 session # 1 ...
Loading subject #52 session # 1 ...
Loading subject #53 session # 1 ...
Loading subject #54 session # 1 ...
Loading subject #55 session # 1 ...
Loading subject #56 session # 1 ...
Loading subject #57 session # 1 ...
Loading subject #58 session # 1 ...
Loading subject #59 session # 1 ...
Loading subject #60 session # 1 ...
Loading subject #61 session # 1 ...
Loading subject #62 session # 1 ...
Loading subject #63 session # 1 ...
Loading subject #64 session # 1 ...
Loading subject #65 session # 1 ...
Loading subject #66 session # 1 ...
Loading subject #67 session # 1 ...
Loading subject #68 session # 1 ...
Loading subject #69 session # 1 ...
Loading subject #70 session # 1 ...
Loading subject #71 session # 1 ...
Loading subject #72 session # 1 ...
Loading subject #73 session # 1 ...
Loading subject #74 session # 1 ...
Loading subject #75 session # 1 ...
Loading subject #76 session # 1 ...
Loading subject #77 session # 1 ...
Loading subject #78 session # 1 ...
Loading subject #79 session # 1 ...
Loading subject #80 session # 1 ...
Loading subject #81 session # 1 ...
Loading subject #82 session # 1 ...
Loading subject #83 session # 1 ...
Loading subject #84 session # 1 ...
Loading subject #85 session # 1 ...
Loading subject #86 session # 1 ...
Loading subject #87 session # 1 ...
Loading subject #88 session # 1 ...
Loading subject #89 session # 1 ...
Loading subject #90 session # 1 ...
Loading subject #91 session # 1 ...
Loading subject #92 session # 1 ...
Loading subject #93 session # 1 ...
Loading subject #94 session # 1 ...
Loading subject #95 session # 1 ...
Loading subject #96 session # 1 ...
Loading subject #97 session # 1 ...
Loading subject #98 session # 1 ...
Loading subject #99 session # 1 ...
Loading subject #100 session # 1 ...
Loading subject #101 session # 1 ...
Loading subject #102 session # 1 ...
Loading subject #103 session # 1 ...
Loading subject #104 session # 1 ...
Loading subject #105 session # 1 ...
Loading subject #106 session # 1 ...
Loading subject #107 session # 1 ...
Loading subject #108 session # 1 ...
Loading subject #109 session # 1 ...
Loading subject #110 session # 1 ...
Loading subject #111 session # 1 ...
Loading subject #112 session # 1 ...
Loading subject #113 session # 1 ...
Loading subject #114 session # 1 ...
Loading subject #115 session # 1 ...
Loading subject #116 session # 1 ...
Loading subject #117 session # 1 ...
Loading subject #118 session # 1 ...
Loading subject #119 session # 1 ...
Loading subject #120 session # 1 ...
Loading subject #121 session # 1 ...
Loading subject #122 session # 1 ...
Loading subject #123 session # 1 ...
Loading subject #124 session # 1 ...
Loading subject #125 session # 1 ...
Loading subject #126 session # 1 ...
Loading subject #127 session # 1 ...
Loading subject #128 session # 1 ...
Loading subject #129 session # 1 ...
Loading subject #130 session # 1 ...
Loading subject #131 session # 1 ...
Loading subject #132 session # 1 ...
Loading subject #133 session # 1 ...
Loading subject #134 session # 1 ...
Loading subject #135 session # 1 ...
Loading subject #136 session # 1 ...
Loading subject #137 session # 1 ...
Loading subject #138 session # 1 ...
Loading subject #139 session # 1 ...
Done
Loading subject spatial maps of component 1 ...
icatb_info 29-Apr-2025 23:34:14 icatb_run_mancovan.m: Perfect condition having absolutely no NaN voxels
Centering component spatial maps ...
Using tmap statistics (t > mean + 4*std) to compute default mask ...
Saving file sm_stats/gica_cmd_mancovan_results_sm_001.mat ...

Running Mancovan on spatial maps ...
Working on term 1 of 1

Computing SSE ... finished in 0.003310 seconds.

Computing t-statistics ...

	T-Test 1 for Y(:, 1): B(2, 1) == 0 ... p = 0.709459

... finished in 0.088750 seconds.

Saving file /data/analysis/collaboration/atlantaVA/Project01_Hackney_OMT_83/Project01_Hackney_OMT/GROUP_ANALYSIS/group_JA/group_analysis_rm131ses1_00000002+c149026c_copy/mancovan_PAT_CTRL_maFDR/sm_stats/gica_cmd_mancovan_results_sm_001.mat ...


Loading subject spatial maps of component 3 ...
icatb_info 29-Apr-2025 23:34:21 icatb_run_mancovan.m: Perfect condition having absolutely no NaN voxels
Centering component spatial maps ...
Using tmap statistics (t > mean + 4*std) to compute default mask ...
Saving file sm_stats/gica_cmd_mancovan_results_sm_003.mat ...

Running Mancovan on spatial maps ...
Working on term 1 of 1

Computing SSE ... finished in 0.004023 seconds.

Computing t-statistics ...

	T-Test 1 for Y(:, 1): B(2, 1) == 0 ... p = 0.633763

... finished in 0.060647 seconds.

Saving file /data/analysis/collaboration/atlantaVA/Project01_Hackney_OMT_83/Project01_Hackney_OMT/GROUP_ANALYSIS/group_JA/group_analysis_rm131ses1_00000002+c149026c_copy/mancovan_PAT_CTRL_maFDR/sm_stats/gica_cmd_mancovan_results_sm_003.mat ...


Loading subject spatial maps of component 4 ...
icatb_info 29-Apr-2025 23:34:26 icatb_run_mancovan.m: Perfect condition having absolutely no NaN voxels
Centering component spatial maps ...
Using tmap statistics (t > mean + 4*std) to compute default mask ...
Saving file sm_stats/gica_cmd_mancovan_results_sm_004.mat ...

Running Mancovan on spatial maps ...
Working on term 1 of 1

Computing SSE ... finished in 0.002659 seconds.

Computing t-statistics ...

	T-Test 1 for Y(:, 1): B(2, 1) == 0 ... p = 0.916473

... finished in 0.073051 seconds.

Saving file /data/analysis/collaboration/atlantaVA/Project01_Hackney_OMT_83/Project01_Hackney_OMT/GROUP_ANALYSIS/group_JA/group_analysis_rm131ses1_00000002+c149026c_copy/mancovan_PAT_CTRL_maFDR/sm_stats/gica_cmd_mancovan_results_sm_004.mat ...


Loading subject spatial maps of component 5 ...
icatb_info 29-Apr-2025 23:34:30 icatb_run_mancovan.m: Perfect condition having absolutely no NaN voxels
Centering component spatial maps ...
Using tmap statistics (t > mean + 4*std) to compute default mask ...
Saving file sm_stats/gica_cmd_mancovan_results_sm_005.mat ...

Running Mancovan on spatial maps ...
Working on term 1 of 1

Computing SSE ... finished in 0.001341 seconds.

Computing t-statistics ...

	T-Test 1 for Y(:, 1): B(2, 1) == 0 ... p = 0.242045

... finished in 0.072909 seconds.

Saving file /data/analysis/collaboration/atlantaVA/Project01_Hackney_OMT_83/Project01_Hackney_OMT/GROUP_ANALYSIS/group_JA/group_analysis_rm131ses1_00000002+c149026c_copy/mancovan_PAT_CTRL_maFDR/sm_stats/gica_cmd_mancovan_results_sm_005.mat ...


Loading subject spatial maps of component 6 ...
icatb_info 29-Apr-2025 23:34:35 icatb_run_mancovan.m: Perfect condition having absolutely no NaN voxels
Centering component spatial maps ...
Using tmap statistics (t > mean + 4*std) to compute default mask ...
Saving file sm_stats/gica_cmd_mancovan_results_sm_006.mat ...

Running Mancovan on spatial maps ...
Working on term 1 of 1

Computing SSE ... finished in 0.006533 seconds.

Computing t-statistics ...

	T-Test 1 for Y(:, 1): B(2, 1) == 0 ... p = 0.57659

... finished in 0.094641 seconds.

Saving file /data/analysis/collaboration/atlantaVA/Project01_Hackney_OMT_83/Project01_Hackney_OMT/GROUP_ANALYSIS/group_JA/group_analysis_rm131ses1_00000002+c149026c_copy/mancovan_PAT_CTRL_maFDR/sm_stats/gica_cmd_mancovan_results_sm_006.mat ...


Loading subject spatial maps of component 8 ...
icatb_info 29-Apr-2025 23:34:40 icatb_run_mancovan.m: Perfect condition having absolutely no NaN voxels
Centering component spatial maps ...
Using tmap statistics (t > mean + 4*std) to compute default mask ...
Saving file sm_stats/gica_cmd_mancovan_results_sm_008.mat ...

Running Mancovan on spatial maps ...
Working on term 1 of 1

Computing SSE ... finished in 0.001999 seconds.

Computing t-statistics ...

	T-Test 1 for Y(:, 1): B(2, 1) == 0 ... p = 0.134816

... finished in 0.071120 seconds.

Saving file /data/analysis/collaboration/atlantaVA/Project01_Hackney_OMT_83/Project01_Hackney_OMT/GROUP_ANALYSIS/group_JA/group_analysis_rm131ses1_00000002+c149026c_copy/mancovan_PAT_CTRL_maFDR/sm_stats/gica_cmd_mancovan_results_sm_008.mat ...


Loading subject spatial maps of component 9 ...
icatb_info 29-Apr-2025 23:34:46 icatb_run_mancovan.m: Perfect condition having absolutely no NaN voxels
Centering component spatial maps ...
Using tmap statistics (t > mean + 4*std) to compute default mask ...
Saving file sm_stats/gica_cmd_mancovan_results_sm_009.mat ...

Running Mancovan on spatial maps ...
Working on term 1 of 1

Computing SSE ... finished in 0.003366 seconds.

Computing t-statistics ...

	T-Test 1 for Y(:, 1): B(2, 1) == 0 ... p = 0.0364844

... finished in 0.109792 seconds.

Saving file /data/analysis/collaboration/atlantaVA/Project01_Hackney_OMT_83/Project01_Hackney_OMT/GROUP_ANALYSIS/group_JA/group_analysis_rm131ses1_00000002+c149026c_copy/mancovan_PAT_CTRL_maFDR/sm_stats/gica_cmd_mancovan_results_sm_009.mat ...


Loading subject spatial maps of component 10 ...
icatb_info 29-Apr-2025 23:34:51 icatb_run_mancovan.m: Perfect condition having absolutely no NaN voxels
Centering component spatial maps ...
Using tmap statistics (t > mean + 4*std) to compute default mask ...
Saving file sm_stats/gica_cmd_mancovan_results_sm_010.mat ...

Running Mancovan on spatial maps ...
Working on term 1 of 1

Computing SSE ... finished in 0.002153 seconds.

Computing t-statistics ...

	T-Test 1 for Y(:, 1): B(2, 1) == 0 ... p = 0.388755

... finished in 0.086009 seconds.

Saving file /data/analysis/collaboration/atlantaVA/Project01_Hackney_OMT_83/Project01_Hackney_OMT/GROUP_ANALYSIS/group_JA/group_analysis_rm131ses1_00000002+c149026c_copy/mancovan_PAT_CTRL_maFDR/sm_stats/gica_cmd_mancovan_results_sm_010.mat ...


Loading subject spatial maps of component 11 ...
icatb_info 29-Apr-2025 23:34:56 icatb_run_mancovan.m: Perfect condition having absolutely no NaN voxels
Centering component spatial maps ...
Using tmap statistics (t > mean + 4*std) to compute default mask ...
Saving file sm_stats/gica_cmd_mancovan_results_sm_011.mat ...

Running Mancovan on spatial maps ...
Working on term 1 of 1

Computing SSE ... finished in 0.003693 seconds.

Computing t-statistics ...

	T-Test 1 for Y(:, 1): B(2, 1) == 0 ... p = 0.226331

... finished in 0.099389 seconds.

Saving file /data/analysis/collaboration/atlantaVA/Project01_Hackney_OMT_83/Project01_Hackney_OMT/GROUP_ANALYSIS/group_JA/group_analysis_rm131ses1_00000002+c149026c_copy/mancovan_PAT_CTRL_maFDR/sm_stats/gica_cmd_mancovan_results_sm_011.mat ...


Loading subject spatial maps of component 13 ...
icatb_info 29-Apr-2025 23:35:01 icatb_run_mancovan.m: Perfect condition having absolutely no NaN voxels
Centering component spatial maps ...
Using tmap statistics (t > mean + 4*std) to compute default mask ...
Saving file sm_stats/gica_cmd_mancovan_results_sm_013.mat ...

Running Mancovan on spatial maps ...
Working on term 1 of 1

Computing SSE ... finished in 0.001896 seconds.

Computing t-statistics ...

	T-Test 1 for Y(:, 1): B(2, 1) == 0 ... p = 0.0443236

... finished in 0.084697 seconds.

Saving file /data/analysis/collaboration/atlantaVA/Project01_Hackney_OMT_83/Project01_Hackney_OMT/GROUP_ANALYSIS/group_JA/group_analysis_rm131ses1_00000002+c149026c_copy/mancovan_PAT_CTRL_maFDR/sm_stats/gica_cmd_mancovan_results_sm_013.mat ...


Loading subject spatial maps of component 14 ...
icatb_info 29-Apr-2025 23:35:07 icatb_run_mancovan.m: Perfect condition having absolutely no NaN voxels
Centering component spatial maps ...
Using tmap statistics (t > mean + 4*std) to compute default mask ...
Saving file sm_stats/gica_cmd_mancovan_results_sm_014.mat ...

Running Mancovan on spatial maps ...
Working on term 1 of 1

Computing SSE ... finished in 0.002921 seconds.

Computing t-statistics ...

	T-Test 1 for Y(:, 1): B(2, 1) == 0 ... p = 0.908481

... finished in 0.076351 seconds.

Saving file /data/analysis/collaboration/atlantaVA/Project01_Hackney_OMT_83/Project01_Hackney_OMT/GROUP_ANALYSIS/group_JA/group_analysis_rm131ses1_00000002+c149026c_copy/mancovan_PAT_CTRL_maFDR/sm_stats/gica_cmd_mancovan_results_sm_014.mat ...


Loading subject spatial maps of component 16 ...
icatb_info 29-Apr-2025 23:35:11 icatb_run_mancovan.m: Perfect condition having absolutely no NaN voxels
Centering component spatial maps ...
Using tmap statistics (t > mean + 4*std) to compute default mask ...
Saving file sm_stats/gica_cmd_mancovan_results_sm_016.mat ...

Running Mancovan on spatial maps ...
Working on term 1 of 1

Computing SSE ... finished in 0.001170 seconds.

Computing t-statistics ...

	T-Test 1 for Y(:, 1): B(2, 1) == 0 ... p = 0.335568

... finished in 0.068789 seconds.

Saving file /data/analysis/collaboration/atlantaVA/Project01_Hackney_OMT_83/Project01_Hackney_OMT/GROUP_ANALYSIS/group_JA/group_analysis_rm131ses1_00000002+c149026c_copy/mancovan_PAT_CTRL_maFDR/sm_stats/gica_cmd_mancovan_results_sm_016.mat ...


Loading subject spatial maps of component 22 ...
icatb_info 29-Apr-2025 23:35:16 icatb_run_mancovan.m: Perfect condition having absolutely no NaN voxels
Centering component spatial maps ...
Using tmap statistics (t > mean + 4*std) to compute default mask ...
Saving file sm_stats/gica_cmd_mancovan_results_sm_022.mat ...

Running Mancovan on spatial maps ...
Working on term 1 of 1

Computing SSE ... finished in 0.002189 seconds.

Computing t-statistics ...

	T-Test 1 for Y(:, 1): B(2, 1) == 0 ... p = 0.863888

... finished in 0.091292 seconds.

Saving file /data/analysis/collaboration/atlantaVA/Project01_Hackney_OMT_83/Project01_Hackney_OMT/GROUP_ANALYSIS/group_JA/group_analysis_rm131ses1_00000002+c149026c_copy/mancovan_PAT_CTRL_maFDR/sm_stats/gica_cmd_mancovan_results_sm_022.mat ...


Loading subject spatial maps of component 26 ...
icatb_info 29-Apr-2025 23:35:21 icatb_run_mancovan.m: Perfect condition having absolutely no NaN voxels
Centering component spatial maps ...
Using tmap statistics (t > mean + 4*std) to compute default mask ...
Saving file sm_stats/gica_cmd_mancovan_results_sm_026.mat ...

Running Mancovan on spatial maps ...
Working on term 1 of 1

Computing SSE ... finished in 0.006371 seconds.

Computing t-statistics ...

	T-Test 1 for Y(:, 1): B(2, 1) == 0 ... p = 0.159991

... finished in 0.117185 seconds.

Saving file /data/analysis/collaboration/atlantaVA/Project01_Hackney_OMT_83/Project01_Hackney_OMT/GROUP_ANALYSIS/group_JA/group_analysis_rm131ses1_00000002+c149026c_copy/mancovan_PAT_CTRL_maFDR/sm_stats/gica_cmd_mancovan_results_sm_026.mat ...


Loading subject spatial maps of component 27 ...
icatb_info 29-Apr-2025 23:35:26 icatb_run_mancovan.m: Perfect condition having absolutely no NaN voxels
Centering component spatial maps ...
Using tmap statistics (t > mean + 4*std) to compute default mask ...
Saving file sm_stats/gica_cmd_mancovan_results_sm_027.mat ...

Running Mancovan on spatial maps ...
Working on term 1 of 1

Computing SSE ... finished in 0.002318 seconds.

Computing t-statistics ...

	T-Test 1 for Y(:, 1): B(2, 1) == 0 ... p = 0.679771

... finished in 0.102293 seconds.

Saving file /data/analysis/collaboration/atlantaVA/Project01_Hackney_OMT_83/Project01_Hackney_OMT/GROUP_ANALYSIS/group_JA/group_analysis_rm131ses1_00000002+c149026c_copy/mancovan_PAT_CTRL_maFDR/sm_stats/gica_cmd_mancovan_results_sm_027.mat ...


Loading subject spatial maps of component 28 ...
icatb_info 29-Apr-2025 23:35:31 icatb_run_mancovan.m: Perfect condition having absolutely no NaN voxels
Centering component spatial maps ...
Using tmap statistics (t > mean + 4*std) to compute default mask ...
Saving file sm_stats/gica_cmd_mancovan_results_sm_028.mat ...

Running Mancovan on spatial maps ...
Working on term 1 of 1

Computing SSE ... finished in 0.002062 seconds.

Computing t-statistics ...

	T-Test 1 for Y(:, 1): B(2, 1) == 0 ... p = 0.330444

... finished in 0.079726 seconds.

Saving file /data/analysis/collaboration/atlantaVA/Project01_Hackney_OMT_83/Project01_Hackney_OMT/GROUP_ANALYSIS/group_JA/group_analysis_rm131ses1_00000002+c149026c_copy/mancovan_PAT_CTRL_maFDR/sm_stats/gica_cmd_mancovan_results_sm_028.mat ...


Loading subject spatial maps of component 29 ...
icatb_info 29-Apr-2025 23:35:35 icatb_run_mancovan.m: Perfect condition having absolutely no NaN voxels
Centering component spatial maps ...
Using tmap statistics (t > mean + 4*std) to compute default mask ...
Saving file sm_stats/gica_cmd_mancovan_results_sm_029.mat ...

Running Mancovan on spatial maps ...
Working on term 1 of 1

Computing SSE ... finished in 0.002322 seconds.

Computing t-statistics ...

	T-Test 1 for Y(:, 1): B(2, 1) == 0 ... p = 0.504083

... finished in 0.098040 seconds.

Saving file /data/analysis/collaboration/atlantaVA/Project01_Hackney_OMT_83/Project01_Hackney_OMT/GROUP_ANALYSIS/group_JA/group_analysis_rm131ses1_00000002+c149026c_copy/mancovan_PAT_CTRL_maFDR/sm_stats/gica_cmd_mancovan_results_sm_029.mat ...


Loading subject spatial maps of component 31 ...
icatb_info 29-Apr-2025 23:35:40 icatb_run_mancovan.m: Perfect condition having absolutely no NaN voxels
Centering component spatial maps ...
Using tmap statistics (t > mean + 4*std) to compute default mask ...
Saving file sm_stats/gica_cmd_mancovan_results_sm_031.mat ...

Running Mancovan on spatial maps ...
Working on term 1 of 1

Computing SSE ... finished in 0.001744 seconds.

Computing t-statistics ...

	T-Test 1 for Y(:, 1): B(2, 1) == 0 ... p = 0.651536

... finished in 0.094923 seconds.

Saving file /data/analysis/collaboration/atlantaVA/Project01_Hackney_OMT_83/Project01_Hackney_OMT/GROUP_ANALYSIS/group_JA/group_analysis_rm131ses1_00000002+c149026c_copy/mancovan_PAT_CTRL_maFDR/sm_stats/gica_cmd_mancovan_results_sm_031.mat ...


Loading subject spatial maps of component 34 ...
icatb_info 29-Apr-2025 23:35:45 icatb_run_mancovan.m: Perfect condition having absolutely no NaN voxels
Centering component spatial maps ...
Using tmap statistics (t > mean + 4*std) to compute default mask ...
Saving file sm_stats/gica_cmd_mancovan_results_sm_034.mat ...

Running Mancovan on spatial maps ...
Working on term 1 of 1

Computing SSE ... finished in 0.001951 seconds.

Computing t-statistics ...

	T-Test 1 for Y(:, 1): B(2, 1) == 0 ... p = 0.380867

... finished in 0.117799 seconds.

Saving file /data/analysis/collaboration/atlantaVA/Project01_Hackney_OMT_83/Project01_Hackney_OMT/GROUP_ANALYSIS/group_JA/group_analysis_rm131ses1_00000002+c149026c_copy/mancovan_PAT_CTRL_maFDR/sm_stats/gica_cmd_mancovan_results_sm_034.mat ...


Loading subject spatial maps of component 36 ...
icatb_info 29-Apr-2025 23:35:50 icatb_run_mancovan.m: Perfect condition having absolutely no NaN voxels
Centering component spatial maps ...
Using tmap statistics (t > mean + 4*std) to compute default mask ...
Saving file sm_stats/gica_cmd_mancovan_results_sm_036.mat ...

Running Mancovan on spatial maps ...
Working on term 1 of 1

Computing SSE ... finished in 0.004053 seconds.

Computing t-statistics ...

	T-Test 1 for Y(:, 1): B(2, 1) == 0 ... p = 0.363233

... finished in 0.110764 seconds.

Saving file /data/analysis/collaboration/atlantaVA/Project01_Hackney_OMT_83/Project01_Hackney_OMT/GROUP_ANALYSIS/group_JA/group_analysis_rm131ses1_00000002+c149026c_copy/mancovan_PAT_CTRL_maFDR/sm_stats/gica_cmd_mancovan_results_sm_036.mat ...


Loading subject spatial maps of component 40 ...
icatb_info 29-Apr-2025 23:35:55 icatb_run_mancovan.m: Perfect condition having absolutely no NaN voxels
Centering component spatial maps ...
Using tmap statistics (t > mean + 4*std) to compute default mask ...
Saving file sm_stats/gica_cmd_mancovan_results_sm_040.mat ...

Running Mancovan on spatial maps ...
Working on term 1 of 1

Computing SSE ... finished in 0.002122 seconds.

Computing t-statistics ...

	T-Test 1 for Y(:, 1): B(2, 1) == 0 ... p = 0.945702

... finished in 0.074675 seconds.

Saving file /data/analysis/collaboration/atlantaVA/Project01_Hackney_OMT_83/Project01_Hackney_OMT/GROUP_ANALYSIS/group_JA/group_analysis_rm131ses1_00000002+c149026c_copy/mancovan_PAT_CTRL_maFDR/sm_stats/gica_cmd_mancovan_results_sm_040.mat ...


Loading subject spatial maps of component 43 ...
icatb_info 29-Apr-2025 23:36:00 icatb_run_mancovan.m: Perfect condition having absolutely no NaN voxels
Centering component spatial maps ...
Using tmap statistics (t > mean + 4*std) to compute default mask ...
Saving file sm_stats/gica_cmd_mancovan_results_sm_043.mat ...

Running Mancovan on spatial maps ...
Working on term 1 of 1

Computing SSE ... finished in 0.001647 seconds.

Computing t-statistics ...

	T-Test 1 for Y(:, 1): B(2, 1) == 0 ... p = 0.135533

... finished in 0.098882 seconds.

Saving file /data/analysis/collaboration/atlantaVA/Project01_Hackney_OMT_83/Project01_Hackney_OMT/GROUP_ANALYSIS/group_JA/group_analysis_rm131ses1_00000002+c149026c_copy/mancovan_PAT_CTRL_maFDR/sm_stats/gica_cmd_mancovan_results_sm_043.mat ...


Loading subject spatial maps of component 48 ...
icatb_info 29-Apr-2025 23:36:04 icatb_run_mancovan.m: Perfect condition having absolutely no NaN voxels
Centering component spatial maps ...
Using tmap statistics (t > mean + 4*std) to compute default mask ...
Saving file sm_stats/gica_cmd_mancovan_results_sm_048.mat ...

Running Mancovan on spatial maps ...
Working on term 1 of 1

Computing SSE ... finished in 0.001556 seconds.

Computing t-statistics ...

	T-Test 1 for Y(:, 1): B(2, 1) == 0 ... p = 0.815435

... finished in 0.095978 seconds.

Saving file /data/analysis/collaboration/atlantaVA/Project01_Hackney_OMT_83/Project01_Hackney_OMT/GROUP_ANALYSIS/group_JA/group_analysis_rm131ses1_00000002+c149026c_copy/mancovan_PAT_CTRL_maFDR/sm_stats/gica_cmd_mancovan_results_sm_048.mat ...


Loading subject spatial maps of component 50 ...
icatb_info 29-Apr-2025 23:36:09 icatb_run_mancovan.m: Perfect condition having absolutely no NaN voxels
Centering component spatial maps ...
Using tmap statistics (t > mean + 4*std) to compute default mask ...
Saving file sm_stats/gica_cmd_mancovan_results_sm_050.mat ...

Running Mancovan on spatial maps ...
Working on term 1 of 1

Computing SSE ... finished in 0.001072 seconds.

Computing t-statistics ...

	T-Test 1 for Y(:, 1): B(2, 1) == 0 ... p = 0.974066

... finished in 0.056090 seconds.

Saving file /data/analysis/collaboration/atlantaVA/Project01_Hackney_OMT_83/Project01_Hackney_OMT/GROUP_ANALYSIS/group_JA/group_analysis_rm131ses1_00000002+c149026c_copy/mancovan_PAT_CTRL_maFDR/sm_stats/gica_cmd_mancovan_results_sm_050.mat ...


Loading subject spatial maps of component 51 ...
icatb_info 29-Apr-2025 23:36:13 icatb_run_mancovan.m: Perfect condition having absolutely no NaN voxels
Centering component spatial maps ...
Using tmap statistics (t > mean + 4*std) to compute default mask ...
Saving file sm_stats/gica_cmd_mancovan_results_sm_051.mat ...

Running Mancovan on spatial maps ...
Working on term 1 of 1

Computing SSE ... finished in 0.001919 seconds.

Computing t-statistics ...

	T-Test 1 for Y(:, 1): B(2, 1) == 0 ... p = 0.170105

... finished in 0.060328 seconds.

Saving file /data/analysis/collaboration/atlantaVA/Project01_Hackney_OMT_83/Project01_Hackney_OMT/GROUP_ANALYSIS/group_JA/group_analysis_rm131ses1_00000002+c149026c_copy/mancovan_PAT_CTRL_maFDR/sm_stats/gica_cmd_mancovan_results_sm_051.mat ...


Loading subject spatial maps of component 52 ...
icatb_info 29-Apr-2025 23:36:17 icatb_run_mancovan.m: Perfect condition having absolutely no NaN voxels
Centering component spatial maps ...
Using tmap statistics (t > mean + 4*std) to compute default mask ...
Saving file sm_stats/gica_cmd_mancovan_results_sm_052.mat ...

Running Mancovan on spatial maps ...
Working on term 1 of 1

Computing SSE ... finished in 0.001986 seconds.

Computing t-statistics ...

	T-Test 1 for Y(:, 1): B(2, 1) == 0 ... p = 0.472993

... finished in 0.065900 seconds.

Saving file /data/analysis/collaboration/atlantaVA/Project01_Hackney_OMT_83/Project01_Hackney_OMT/GROUP_ANALYSIS/group_JA/group_analysis_rm131ses1_00000002+c149026c_copy/mancovan_PAT_CTRL_maFDR/sm_stats/gica_cmd_mancovan_results_sm_052.mat ...


Loading subject spatial maps of component 53 ...
icatb_info 29-Apr-2025 23:36:21 icatb_run_mancovan.m: Perfect condition having absolutely no NaN voxels
Centering component spatial maps ...
Using tmap statistics (t > mean + 4*std) to compute default mask ...
Saving file sm_stats/gica_cmd_mancovan_results_sm_053.mat ...

Running Mancovan on spatial maps ...
Working on term 1 of 1

Computing SSE ... finished in 0.000885 seconds.

Computing t-statistics ...

	T-Test 1 for Y(:, 1): B(2, 1) == 0 ... p = 0.927727

... finished in 0.053294 seconds.

Saving file /data/analysis/collaboration/atlantaVA/Project01_Hackney_OMT_83/Project01_Hackney_OMT/GROUP_ANALYSIS/group_JA/group_analysis_rm131ses1_00000002+c149026c_copy/mancovan_PAT_CTRL_maFDR/sm_stats/gica_cmd_mancovan_results_sm_053.mat ...


Loading subject timecourses of component 1 ...
Doing multi-taper spectral estimation ...
Using fractional amplitude ...
Applying log transform to spectra ...
Saving file spectra_stats/gica_cmd_mancovan_results_spectra_001.mat ...

Running Mancovan on timecourses spectra ...
Working on term 1 of 1

Computing SSE ... finished in 0.000235 seconds.

Computing t-statistics ...

	T-Test 1 for Y(:, 1): B(2, 1) == 0 ... p = 0.786415

... finished in 0.001671 seconds.

Saving file /data/analysis/collaboration/atlantaVA/Project01_Hackney_OMT_83/Project01_Hackney_OMT/GROUP_ANALYSIS/group_JA/group_analysis_rm131ses1_00000002+c149026c_copy/mancovan_PAT_CTRL_maFDR/spectra_stats/gica_cmd_mancovan_results_spectra_001.mat ...


Loading subject timecourses of component 3 ...
Doing multi-taper spectral estimation ...
Using fractional amplitude ...
Applying log transform to spectra ...
Saving file spectra_stats/gica_cmd_mancovan_results_spectra_003.mat ...

Running Mancovan on timecourses spectra ...
Working on term 1 of 1

Computing SSE ... finished in 0.000264 seconds.

Computing t-statistics ...

	T-Test 1 for Y(:, 1): B(2, 1) == 0 ... p = 0.130599

... finished in 0.001657 seconds.

Saving file /data/analysis/collaboration/atlantaVA/Project01_Hackney_OMT_83/Project01_Hackney_OMT/GROUP_ANALYSIS/group_JA/group_analysis_rm131ses1_00000002+c149026c_copy/mancovan_PAT_CTRL_maFDR/spectra_stats/gica_cmd_mancovan_results_spectra_003.mat ...


Loading subject timecourses of component 4 ...
Doing multi-taper spectral estimation ...
Using fractional amplitude ...
Applying log transform to spectra ...
Saving file spectra_stats/gica_cmd_mancovan_results_spectra_004.mat ...

Running Mancovan on timecourses spectra ...
Working on term 1 of 1

Computing SSE ... finished in 0.000161 seconds.

Computing t-statistics ...

	T-Test 1 for Y(:, 1): B(2, 1) == 0 ... p = 0.199291

... finished in 0.001729 seconds.

Saving file /data/analysis/collaboration/atlantaVA/Project01_Hackney_OMT_83/Project01_Hackney_OMT/GROUP_ANALYSIS/group_JA/group_analysis_rm131ses1_00000002+c149026c_copy/mancovan_PAT_CTRL_maFDR/spectra_stats/gica_cmd_mancovan_results_spectra_004.mat ...


Loading subject timecourses of component 5 ...
Doing multi-taper spectral estimation ...
Using fractional amplitude ...
Applying log transform to spectra ...
Saving file spectra_stats/gica_cmd_mancovan_results_spectra_005.mat ...

Running Mancovan on timecourses spectra ...
Working on term 1 of 1

Computing SSE ... finished in 0.000256 seconds.

Computing t-statistics ...

	T-Test 1 for Y(:, 1): B(2, 1) == 0 ... p = 0.0842631

... finished in 0.001833 seconds.

Saving file /data/analysis/collaboration/atlantaVA/Project01_Hackney_OMT_83/Project01_Hackney_OMT/GROUP_ANALYSIS/group_JA/group_analysis_rm131ses1_00000002+c149026c_copy/mancovan_PAT_CTRL_maFDR/spectra_stats/gica_cmd_mancovan_results_spectra_005.mat ...


Loading subject timecourses of component 6 ...
Doing multi-taper spectral estimation ...
Using fractional amplitude ...
Applying log transform to spectra ...
Saving file spectra_stats/gica_cmd_mancovan_results_spectra_006.mat ...

Running Mancovan on timecourses spectra ...
Working on term 1 of 1

Computing SSE ... finished in 0.000663 seconds.

Computing t-statistics ...

	T-Test 1 for Y(:, 1): B(2, 1) == 0 ... p = 0.492916

... finished in 0.002632 seconds.

Saving file /data/analysis/collaboration/atlantaVA/Project01_Hackney_OMT_83/Project01_Hackney_OMT/GROUP_ANALYSIS/group_JA/group_analysis_rm131ses1_00000002+c149026c_copy/mancovan_PAT_CTRL_maFDR/spectra_stats/gica_cmd_mancovan_results_spectra_006.mat ...


Loading subject timecourses of component 8 ...
Doing multi-taper spectral estimation ...
Using fractional amplitude ...
Applying log transform to spectra ...
Saving file spectra_stats/gica_cmd_mancovan_results_spectra_008.mat ...

Running Mancovan on timecourses spectra ...
Working on term 1 of 1

Computing SSE ... finished in 0.000235 seconds.

Computing t-statistics ...

	T-Test 1 for Y(:, 1): B(2, 1) == 0 ... p = 0.064165

... finished in 0.001708 seconds.

Saving file /data/analysis/collaboration/atlantaVA/Project01_Hackney_OMT_83/Project01_Hackney_OMT/GROUP_ANALYSIS/group_JA/group_analysis_rm131ses1_00000002+c149026c_copy/mancovan_PAT_CTRL_maFDR/spectra_stats/gica_cmd_mancovan_results_spectra_008.mat ...


Loading subject timecourses of component 9 ...
Doing multi-taper spectral estimation ...
Using fractional amplitude ...
Applying log transform to spectra ...
Saving file spectra_stats/gica_cmd_mancovan_results_spectra_009.mat ...

Running Mancovan on timecourses spectra ...
Working on term 1 of 1

Computing SSE ... finished in 0.000394 seconds.

Computing t-statistics ...

	T-Test 1 for Y(:, 1): B(2, 1) == 0 ... p = 0.191788

... finished in 0.001811 seconds.

Saving file /data/analysis/collaboration/atlantaVA/Project01_Hackney_OMT_83/Project01_Hackney_OMT/GROUP_ANALYSIS/group_JA/group_analysis_rm131ses1_00000002+c149026c_copy/mancovan_PAT_CTRL_maFDR/spectra_stats/gica_cmd_mancovan_results_spectra_009.mat ...


Loading subject timecourses of component 10 ...
Doing multi-taper spectral estimation ...
Using fractional amplitude ...
Applying log transform to spectra ...
Saving file spectra_stats/gica_cmd_mancovan_results_spectra_010.mat ...

Running Mancovan on timecourses spectra ...
Working on term 1 of 1

Computing SSE ... finished in 0.000166 seconds.

Computing t-statistics ...

	T-Test 1 for Y(:, 1): B(2, 1) == 0 ... p = 0.123332

... finished in 0.001827 seconds.

Saving file /data/analysis/collaboration/atlantaVA/Project01_Hackney_OMT_83/Project01_Hackney_OMT/GROUP_ANALYSIS/group_JA/group_analysis_rm131ses1_00000002+c149026c_copy/mancovan_PAT_CTRL_maFDR/spectra_stats/gica_cmd_mancovan_results_spectra_010.mat ...


Loading subject timecourses of component 11 ...
Doing multi-taper spectral estimation ...
Using fractional amplitude ...
Applying log transform to spectra ...
Saving file spectra_stats/gica_cmd_mancovan_results_spectra_011.mat ...

Running Mancovan on timecourses spectra ...
Working on term 1 of 1

Computing SSE ... finished in 0.000203 seconds.

Computing t-statistics ...

	T-Test 1 for Y(:, 1): B(2, 1) == 0 ... p = 0.0787092

... finished in 0.001756 seconds.

Saving file /data/analysis/collaboration/atlantaVA/Project01_Hackney_OMT_83/Project01_Hackney_OMT/GROUP_ANALYSIS/group_JA/group_analysis_rm131ses1_00000002+c149026c_copy/mancovan_PAT_CTRL_maFDR/spectra_stats/gica_cmd_mancovan_results_spectra_011.mat ...


Loading subject timecourses of component 13 ...
Doing multi-taper spectral estimation ...
Using fractional amplitude ...
Applying log transform to spectra ...
Saving file spectra_stats/gica_cmd_mancovan_results_spectra_013.mat ...

Running Mancovan on timecourses spectra ...
Working on term 1 of 1

Computing SSE ... finished in 0.001228 seconds.

Computing t-statistics ...

	T-Test 1 for Y(:, 1): B(2, 1) == 0 ... p = 0.107412

... finished in 0.001972 seconds.

Saving file /data/analysis/collaboration/atlantaVA/Project01_Hackney_OMT_83/Project01_Hackney_OMT/GROUP_ANALYSIS/group_JA/group_analysis_rm131ses1_00000002+c149026c_copy/mancovan_PAT_CTRL_maFDR/spectra_stats/gica_cmd_mancovan_results_spectra_013.mat ...


Loading subject timecourses of component 14 ...
Doing multi-taper spectral estimation ...
Using fractional amplitude ...
Applying log transform to spectra ...
Saving file spectra_stats/gica_cmd_mancovan_results_spectra_014.mat ...

Running Mancovan on timecourses spectra ...
Working on term 1 of 1

Computing SSE ... finished in 0.000244 seconds.

Computing t-statistics ...

	T-Test 1 for Y(:, 1): B(2, 1) == 0 ... p = 0.00470948

... finished in 0.001797 seconds.

Saving file /data/analysis/collaboration/atlantaVA/Project01_Hackney_OMT_83/Project01_Hackney_OMT/GROUP_ANALYSIS/group_JA/group_analysis_rm131ses1_00000002+c149026c_copy/mancovan_PAT_CTRL_maFDR/spectra_stats/gica_cmd_mancovan_results_spectra_014.mat ...


Loading subject timecourses of component 16 ...
Doing multi-taper spectral estimation ...
Using fractional amplitude ...
Applying log transform to spectra ...
Saving file spectra_stats/gica_cmd_mancovan_results_spectra_016.mat ...

Running Mancovan on timecourses spectra ...
Working on term 1 of 1

Computing SSE ... finished in 0.001619 seconds.

Computing t-statistics ...

	T-Test 1 for Y(:, 1): B(2, 1) == 0 ... p = 0.310283

... finished in 0.001778 seconds.

Saving file /data/analysis/collaboration/atlantaVA/Project01_Hackney_OMT_83/Project01_Hackney_OMT/GROUP_ANALYSIS/group_JA/group_analysis_rm131ses1_00000002+c149026c_copy/mancovan_PAT_CTRL_maFDR/spectra_stats/gica_cmd_mancovan_results_spectra_016.mat ...


Loading subject timecourses of component 22 ...
Doing multi-taper spectral estimation ...
Using fractional amplitude ...
Applying log transform to spectra ...
Saving file spectra_stats/gica_cmd_mancovan_results_spectra_022.mat ...

Running Mancovan on timecourses spectra ...
Working on term 1 of 1

Computing SSE ... finished in 0.000227 seconds.

Computing t-statistics ...

	T-Test 1 for Y(:, 1): B(2, 1) == 0 ... p = 0.0889216

... finished in 0.002819 seconds.

Saving file /data/analysis/collaboration/atlantaVA/Project01_Hackney_OMT_83/Project01_Hackney_OMT/GROUP_ANALYSIS/group_JA/group_analysis_rm131ses1_00000002+c149026c_copy/mancovan_PAT_CTRL_maFDR/spectra_stats/gica_cmd_mancovan_results_spectra_022.mat ...


Loading subject timecourses of component 26 ...
Doing multi-taper spectral estimation ...
Using fractional amplitude ...
Applying log transform to spectra ...
Saving file spectra_stats/gica_cmd_mancovan_results_spectra_026.mat ...

Running Mancovan on timecourses spectra ...
Working on term 1 of 1

Computing SSE ... finished in 0.000191 seconds.

Computing t-statistics ...

	T-Test 1 for Y(:, 1): B(2, 1) == 0 ... p = 0.00884613

... finished in 0.001642 seconds.

Saving file /data/analysis/collaboration/atlantaVA/Project01_Hackney_OMT_83/Project01_Hackney_OMT/GROUP_ANALYSIS/group_JA/group_analysis_rm131ses1_00000002+c149026c_copy/mancovan_PAT_CTRL_maFDR/spectra_stats/gica_cmd_mancovan_results_spectra_026.mat ...


Loading subject timecourses of component 27 ...
Doing multi-taper spectral estimation ...
Using fractional amplitude ...
Applying log transform to spectra ...
Saving file spectra_stats/gica_cmd_mancovan_results_spectra_027.mat ...

Running Mancovan on timecourses spectra ...
Working on term 1 of 1

Computing SSE ... finished in 0.000856 seconds.

Computing t-statistics ...

	T-Test 1 for Y(:, 1): B(2, 1) == 0 ... p = 0.113025

... finished in 0.002108 seconds.

Saving file /data/analysis/collaboration/atlantaVA/Project01_Hackney_OMT_83/Project01_Hackney_OMT/GROUP_ANALYSIS/group_JA/group_analysis_rm131ses1_00000002+c149026c_copy/mancovan_PAT_CTRL_maFDR/spectra_stats/gica_cmd_mancovan_results_spectra_027.mat ...


Loading subject timecourses of component 28 ...
Doing multi-taper spectral estimation ...
Using fractional amplitude ...
Applying log transform to spectra ...
Saving file spectra_stats/gica_cmd_mancovan_results_spectra_028.mat ...

Running Mancovan on timecourses spectra ...
Working on term 1 of 1

Computing SSE ... finished in 0.000235 seconds.

Computing t-statistics ...

	T-Test 1 for Y(:, 1): B(2, 1) == 0 ... p = 0.00809374

... finished in 0.002102 seconds.

Saving file /data/analysis/collaboration/atlantaVA/Project01_Hackney_OMT_83/Project01_Hackney_OMT/GROUP_ANALYSIS/group_JA/group_analysis_rm131ses1_00000002+c149026c_copy/mancovan_PAT_CTRL_maFDR/spectra_stats/gica_cmd_mancovan_results_spectra_028.mat ...


Loading subject timecourses of component 29 ...
Doing multi-taper spectral estimation ...
Using fractional amplitude ...
Applying log transform to spectra ...
Saving file spectra_stats/gica_cmd_mancovan_results_spectra_029.mat ...

Running Mancovan on timecourses spectra ...
Working on term 1 of 1

Computing SSE ... finished in 0.000174 seconds.

Computing t-statistics ...

	T-Test 1 for Y(:, 1): B(2, 1) == 0 ... p = 0.231091

... finished in 0.002198 seconds.

Saving file /data/analysis/collaboration/atlantaVA/Project01_Hackney_OMT_83/Project01_Hackney_OMT/GROUP_ANALYSIS/group_JA/group_analysis_rm131ses1_00000002+c149026c_copy/mancovan_PAT_CTRL_maFDR/spectra_stats/gica_cmd_mancovan_results_spectra_029.mat ...


Loading subject timecourses of component 31 ...
Doing multi-taper spectral estimation ...
Using fractional amplitude ...
Applying log transform to spectra ...
Saving file spectra_stats/gica_cmd_mancovan_results_spectra_031.mat ...

Running Mancovan on timecourses spectra ...
Working on term 1 of 1

Computing SSE ... finished in 0.000232 seconds.

Computing t-statistics ...

	T-Test 1 for Y(:, 1): B(2, 1) == 0 ... p = 0.0058958

... finished in 0.002095 seconds.

Saving file /data/analysis/collaboration/atlantaVA/Project01_Hackney_OMT_83/Project01_Hackney_OMT/GROUP_ANALYSIS/group_JA/group_analysis_rm131ses1_00000002+c149026c_copy/mancovan_PAT_CTRL_maFDR/spectra_stats/gica_cmd_mancovan_results_spectra_031.mat ...


Loading subject timecourses of component 34 ...
Doing multi-taper spectral estimation ...
Using fractional amplitude ...
Applying log transform to spectra ...
Saving file spectra_stats/gica_cmd_mancovan_results_spectra_034.mat ...

Running Mancovan on timecourses spectra ...
Working on term 1 of 1

Computing SSE ... finished in 0.000210 seconds.

Computing t-statistics ...

	T-Test 1 for Y(:, 1): B(2, 1) == 0 ... p = 0.0181394

... finished in 0.001815 seconds.

Saving file /data/analysis/collaboration/atlantaVA/Project01_Hackney_OMT_83/Project01_Hackney_OMT/GROUP_ANALYSIS/group_JA/group_analysis_rm131ses1_00000002+c149026c_copy/mancovan_PAT_CTRL_maFDR/spectra_stats/gica_cmd_mancovan_results_spectra_034.mat ...


Loading subject timecourses of component 36 ...
Doing multi-taper spectral estimation ...
Using fractional amplitude ...
Applying log transform to spectra ...
Saving file spectra_stats/gica_cmd_mancovan_results_spectra_036.mat ...

Running Mancovan on timecourses spectra ...
Working on term 1 of 1

Computing SSE ... finished in 0.000184 seconds.

Computing t-statistics ...

	T-Test 1 for Y(:, 1): B(2, 1) == 0 ... p = 0.0931353

... finished in 0.001865 seconds.

Saving file /data/analysis/collaboration/atlantaVA/Project01_Hackney_OMT_83/Project01_Hackney_OMT/GROUP_ANALYSIS/group_JA/group_analysis_rm131ses1_00000002+c149026c_copy/mancovan_PAT_CTRL_maFDR/spectra_stats/gica_cmd_mancovan_results_spectra_036.mat ...


Loading subject timecourses of component 40 ...
Doing multi-taper spectral estimation ...
Using fractional amplitude ...
Applying log transform to spectra ...
Saving file spectra_stats/gica_cmd_mancovan_results_spectra_040.mat ...

Running Mancovan on timecourses spectra ...
Working on term 1 of 1

Computing SSE ... finished in 0.000193 seconds.

Computing t-statistics ...

	T-Test 1 for Y(:, 1): B(2, 1) == 0 ... p = 0.0422705

... finished in 0.001742 seconds.

Saving file /data/analysis/collaboration/atlantaVA/Project01_Hackney_OMT_83/Project01_Hackney_OMT/GROUP_ANALYSIS/group_JA/group_analysis_rm131ses1_00000002+c149026c_copy/mancovan_PAT_CTRL_maFDR/spectra_stats/gica_cmd_mancovan_results_spectra_040.mat ...


Loading subject timecourses of component 43 ...
Doing multi-taper spectral estimation ...
Using fractional amplitude ...
Applying log transform to spectra ...
Saving file spectra_stats/gica_cmd_mancovan_results_spectra_043.mat ...

Running Mancovan on timecourses spectra ...
Working on term 1 of 1

Computing SSE ... finished in 0.000249 seconds.

Computing t-statistics ...

	T-Test 1 for Y(:, 1): B(2, 1) == 0 ... p = 0.60517

... finished in 0.002140 seconds.

Saving file /data/analysis/collaboration/atlantaVA/Project01_Hackney_OMT_83/Project01_Hackney_OMT/GROUP_ANALYSIS/group_JA/group_analysis_rm131ses1_00000002+c149026c_copy/mancovan_PAT_CTRL_maFDR/spectra_stats/gica_cmd_mancovan_results_spectra_043.mat ...


Loading subject timecourses of component 48 ...
Doing multi-taper spectral estimation ...
Using fractional amplitude ...
Applying log transform to spectra ...
Saving file spectra_stats/gica_cmd_mancovan_results_spectra_048.mat ...

Running Mancovan on timecourses spectra ...
Working on term 1 of 1

Computing SSE ... finished in 0.000223 seconds.

Computing t-statistics ...

	T-Test 1 for Y(:, 1): B(2, 1) == 0 ... p = 0.089221

... finished in 0.001935 seconds.

Saving file /data/analysis/collaboration/atlantaVA/Project01_Hackney_OMT_83/Project01_Hackney_OMT/GROUP_ANALYSIS/group_JA/group_analysis_rm131ses1_00000002+c149026c_copy/mancovan_PAT_CTRL_maFDR/spectra_stats/gica_cmd_mancovan_results_spectra_048.mat ...


Loading subject timecourses of component 50 ...
Doing multi-taper spectral estimation ...
Using fractional amplitude ...
Applying log transform to spectra ...
Saving file spectra_stats/gica_cmd_mancovan_results_spectra_050.mat ...

Running Mancovan on timecourses spectra ...
Working on term 1 of 1

Computing SSE ... finished in 0.000258 seconds.

Computing t-statistics ...

	T-Test 1 for Y(:, 1): B(2, 1) == 0 ... p = 0.717228

... finished in 0.001842 seconds.

Saving file /data/analysis/collaboration/atlantaVA/Project01_Hackney_OMT_83/Project01_Hackney_OMT/GROUP_ANALYSIS/group_JA/group_analysis_rm131ses1_00000002+c149026c_copy/mancovan_PAT_CTRL_maFDR/spectra_stats/gica_cmd_mancovan_results_spectra_050.mat ...


Loading subject timecourses of component 51 ...
Doing multi-taper spectral estimation ...
Using fractional amplitude ...
Applying log transform to spectra ...
Saving file spectra_stats/gica_cmd_mancovan_results_spectra_051.mat ...

Running Mancovan on timecourses spectra ...
Working on term 1 of 1

Computing SSE ... finished in 0.000150 seconds.

Computing t-statistics ...

	T-Test 1 for Y(:, 1): B(2, 1) == 0 ... p = 0.0755823

... finished in 0.001738 seconds.

Saving file /data/analysis/collaboration/atlantaVA/Project01_Hackney_OMT_83/Project01_Hackney_OMT/GROUP_ANALYSIS/group_JA/group_analysis_rm131ses1_00000002+c149026c_copy/mancovan_PAT_CTRL_maFDR/spectra_stats/gica_cmd_mancovan_results_spectra_051.mat ...


Loading subject timecourses of component 52 ...
Doing multi-taper spectral estimation ...
Using fractional amplitude ...
Applying log transform to spectra ...
Saving file spectra_stats/gica_cmd_mancovan_results_spectra_052.mat ...

Running Mancovan on timecourses spectra ...
Working on term 1 of 1

Computing SSE ... finished in 0.000211 seconds.

Computing t-statistics ...

	T-Test 1 for Y(:, 1): B(2, 1) == 0 ... p = 0.890428

... finished in 0.001722 seconds.

Saving file /data/analysis/collaboration/atlantaVA/Project01_Hackney_OMT_83/Project01_Hackney_OMT/GROUP_ANALYSIS/group_JA/group_analysis_rm131ses1_00000002+c149026c_copy/mancovan_PAT_CTRL_maFDR/spectra_stats/gica_cmd_mancovan_results_spectra_052.mat ...


Loading subject timecourses of component 53 ...
Doing multi-taper spectral estimation ...
Using fractional amplitude ...
Applying log transform to spectra ...
Saving file spectra_stats/gica_cmd_mancovan_results_spectra_053.mat ...

Running Mancovan on timecourses spectra ...
Working on term 1 of 1

Computing SSE ... finished in 0.000220 seconds.

Computing t-statistics ...

	T-Test 1 for Y(:, 1): B(2, 1) == 0 ... p = 0.732674

... finished in 0.001772 seconds.

Saving file /data/analysis/collaboration/atlantaVA/Project01_Hackney_OMT_83/Project01_Hackney_OMT/GROUP_ANALYSIS/group_JA/group_analysis_rm131ses1_00000002+c149026c_copy/mancovan_PAT_CTRL_maFDR/spectra_stats/gica_cmd_mancovan_results_spectra_053.mat ...


Saving file fnc_stats/gica_cmd_mancovan_results_fnc.mat ...

Running Mancovan on fnc correlations ...
Working on term 1 of 1

Computing SSE ... finished in 0.001101 seconds.

Computing t-statistics ...

	T-Test 1 for Y(:, 1): B(2, 1) == 0 ... p = 0.834504

... finished in 0.007066 seconds.

Saving file /data/analysis/collaboration/atlantaVA/Project01_Hackney_OMT_83/Project01_Hackney_OMT/GROUP_ANALYSIS/group_JA/group_analysis_rm131ses1_00000002+c149026c_copy/mancovan_PAT_CTRL_maFDR/fnc_stats/gica_cmd_mancovan_results_fnc.mat ...


Analysis Complete
Total time taken to complete the analysis is 3.8171 minutes
